<!DOCTYPE html PUBLIC "-//W3C//DTD XHTML 1.1//EN" "http://www.w3.org/TR/xhtml11/DTD/xhtml11.dtd">
<html xmlns="http://www.w3.org/1999/xhtml"><head><title>TestNG Report</title><style type="text/css">table {margin-bottom:10px;border-collapse:collapse;empty-cells:show}th,td {border:1px solid #009;padding:.25em .5em}th {vertical-align:bottom}td {vertical-align:top}table a {font-weight:bold}.stripe td {background-color: #E6EBF9}.num {text-align:right}.passedodd td {background-color: #3F3}.passedeven td {background-color: #0A0}.skippedodd td {background-color: #DDD}.skippedeven td {background-color: #CCC}.failedodd td,.attn {background-color: #F33}.failedeven td,.stripe .attn {background-color: #D00}.stacktrace {white-space:pre;font-family:monospace}.totop {font-size:85%;text-align:center;border-bottom:2px solid #000}</style></head><body><table><tr><th>Test</th><th># Passed</th><th># Skipped</th><th># Failed</th><th>Time (ms)</th><th>Included Groups</th><th>Excluded Groups</th></tr><tr><th colspan="7">Pre-Cofig Test Suite</th></tr><tr><td><a href="#t0">Login Test Case</a></td><td class="num">1</td><td class="num">0</td><td class="num">0</td><td class="num">18,099</td><td></td><td></td></tr><tr class="stripe"><td><a href="#t1">Create Vertical Test Case</a></td><td class="num">1</td><td class="num">0</td><td class="num">0</td><td class="num">52,545</td><td></td><td></td></tr><tr><td><a href="#t2">Edit existing Vertical Test Case</a></td><td class="num">0</td><td class="num">0</td><td class="num attn">1</td><td class="num">61,729</td><td></td><td></td></tr><tr class="stripe"><td><a href="#t3">Delete existing Vertical Test Case</a></td><td class="num">0</td><td class="num">0</td><td class="num attn">1</td><td class="num">12,994</td><td></td><td></td></tr><tr><td><a href="#t4">Create new Function Test Case</a></td><td class="num">1</td><td class="num">0</td><td class="num">0</td><td class="num">41,151</td><td></td><td></td></tr><tr class="stripe"><td><a href="#t5">Edit existing Function Test Case</a></td><td class="num">1</td><td class="num">0</td><td class="num">0</td><td class="num">57,774</td><td></td><td></td></tr><tr><td><a href="#t6">Delete existing Function Test Case</a></td><td class="num">1</td><td class="num">0</td><td class="num">0</td><td class="num">42,466</td><td></td><td></td></tr><tr class="stripe"><td><a href="#t7">Add Function to vertical Test Case</a></td><td class="num">1</td><td class="num">0</td><td class="num">0</td><td class="num">52,920</td><td></td><td></td></tr><tr><td><a href="#t8">Create new Node Type Test Case</a></td><td class="num">1</td><td class="num">0</td><td class="num">0</td><td class="num">40,023</td><td></td><td></td></tr><tr class="stripe"><td><a href="#t9">Edit existing Node Type Test Case</a></td><td class="num">1</td><td class="num">0</td><td class="num">0</td><td class="num">58,158</td><td></td><td></td></tr><tr><td><a href="#t10">Delete existing Node Type Test Case</a></td><td class="num">1</td><td class="num">0</td><td class="num">0</td><td class="num">43,698</td><td></td><td></td></tr><tr class="stripe"><td><a href="#t11">Creat New Attribute Test Case</a></td><td class="num">1</td><td class="num">0</td><td class="num">0</td><td class="num">54,532</td><td></td><td></td></tr><tr><td><a href="#t12">Edit existing Attribute Test Case</a></td><td class="num">1</td><td class="num">0</td><td class="num">0</td><td class="num">70,629</td><td></td><td></td></tr><tr class="stripe"><td><a href="#t13">Delete existing Attribute Test Case</a></td><td class="num">1</td><td class="num">0</td><td class="num">0</td><td class="num">44,934</td><td></td><td></td></tr><tr><td><a href="#t14">Creat New Attribute Group Test Case</a></td><td class="num">0</td><td class="num">0</td><td class="num attn">1</td><td class="num">66,102</td><td></td><td></td></tr><tr class="stripe"><td><a href="#t15">Edit existing Attribute Group Test Case</a></td><td class="num">0</td><td class="num">0</td><td class="num attn">1</td><td class="num">46,747</td><td></td><td></td></tr><tr><td><a href="#t16">Delete existing Attribute Group Test Case</a></td><td class="num">0</td><td class="num">0</td><td class="num attn">1</td><td class="num">46,116</td><td></td><td></td></tr><tr><th>Total</th><th class="num">12</th><th class="num">0</th><th class="num attn">5</th><th class="num">810,617</th><th colspan="2"></th></tr></table><table id='summary'><thead><tr><th>Class</th><th>Method</th><th>Start</th><th>Time (ms)</th></tr></thead><tbody><tr><th colspan="4">Pre-Cofig Test Suite</th></tr></tbody><tbody id="t0"><tr><th colspan="4">Login Test Case &#8212; passed</th></tr><tr class="passedeven"><td rowspan="1">testrunners.LoginTestCase</td><td><a href="#m0">feature</a></td><td rowspan="1">1675777143489</td><td rowspan="1">17290</td></tr></tbody><tbody id="t1"><tr><th colspan="4">Create Vertical Test Case &#8212; passed</th></tr><tr class="passedeven"><td rowspan="1">testrunners.AddNewVerticalTestCase</td><td><a href="#m1">feature</a></td><td rowspan="1">1675777161409</td><td rowspan="1">52435</td></tr></tbody><tbody id="t2"><tr><th colspan="4">Edit existing Vertical Test Case &#8212; failed</th></tr><tr class="failedeven"><td rowspan="1">testrunners.EditVerticalTestCase</td><td><a href="#m2">feature</a></td><td rowspan="1">1675777213935</td><td rowspan="1">61668</td></tr></tbody><tbody id="t3"><tr><th colspan="4">Delete existing Vertical Test Case &#8212; failed</th></tr><tr class="failedeven"><td rowspan="1">testrunners.DeleteVerticalTestCase</td><td><a href="#m3">feature</a></td><td rowspan="1">1675777275670</td><td rowspan="1">12941</td></tr></tbody><tbody id="t4"><tr><th colspan="4">Create new Function Test Case &#8212; passed</th></tr><tr class="passedeven"><td rowspan="1">testrunners.AddNewFunctionTestCase</td><td><a href="#m4">feature</a></td><td rowspan="1">1675777288661</td><td rowspan="1">41102</td></tr></tbody><tbody id="t5"><tr><th colspan="4">Edit existing Function Test Case &#8212; passed</th></tr><tr class="passedeven"><td rowspan="1">testrunners.EditFunctionTestCase</td><td><a href="#m5">feature</a></td><td rowspan="1">1675777329818</td><td rowspan="1">57721</td></tr></tbody><tbody id="t6"><tr><th colspan="4">Delete existing Function Test Case &#8212; passed</th></tr><tr class="passedeven"><td rowspan="1">testrunners.DeleteFunctionTestCase</td><td><a href="#m6">feature</a></td><td rowspan="1">1675777387596</td><td rowspan="1">42403</td></tr></tbody><tbody id="t7"><tr><th colspan="4">Add Function to vertical Test Case &#8212; passed</th></tr><tr class="passedeven"><td rowspan="1">testrunners.LinkFunctionToVertical</td><td><a href="#m7">feature</a></td><td rowspan="1">1675777430066</td><td rowspan="1">52865</td></tr></tbody><tbody id="t8"><tr><th colspan="4">Create new Node Type Test Case &#8212; passed</th></tr><tr class="passedeven"><td rowspan="1">testrunners.AddNewNodeTypeTestCase</td><td><a href="#m8">feature</a></td><td rowspan="1">1675777482991</td><td rowspan="1">39972</td></tr></tbody><tbody id="t9"><tr><th colspan="4">Edit existing Node Type Test Case &#8212; passed</th></tr><tr class="passedeven"><td rowspan="1">testrunners.EditNodeTypeTestcase</td><td><a href="#m9">feature</a></td><td rowspan="1">1675777523017</td><td rowspan="1">58115</td></tr></tbody><tbody id="t10"><tr><th colspan="4">Delete existing Node Type Test Case &#8212; passed</th></tr><tr class="passedeven"><td rowspan="1">testrunners.DeleteNodeTypeTestCase</td><td><a href="#m10">feature</a></td><td rowspan="1">1675777581179</td><td rowspan="1">43652</td></tr></tbody><tbody id="t11"><tr><th colspan="4">Creat New Attribute Test Case &#8212; passed</th></tr><tr class="passedeven"><td rowspan="1">testrunners.AddNewAttributeTestCase</td><td><a href="#m11">feature</a></td><td rowspan="1">1675777624881</td><td rowspan="1">54443</td></tr></tbody><tbody id="t12"><tr><th colspan="4">Edit existing Attribute Test Case &#8212; passed</th></tr><tr class="passedeven"><td rowspan="1">testrunners.EditAttributeTestCase</td><td><a href="#m12">feature</a></td><td rowspan="1">1675777679411</td><td rowspan="1">70578</td></tr></tbody><tbody id="t13"><tr><th colspan="4">Delete existing Attribute Test Case &#8212; passed</th></tr><tr class="passedeven"><td rowspan="1">testrunners.DeleteAttributeTestCase</td><td><a href="#m13">feature</a></td><td rowspan="1">1675777750057</td><td rowspan="1">44875</td></tr></tbody><tbody id="t14"><tr><th colspan="4">Creat New Attribute Group Test Case &#8212; failed</th></tr><tr class="failedeven"><td rowspan="1">testrunners.AddNewAttributeGroupTestCase</td><td><a href="#m14">feature</a></td><td rowspan="1">1675777794988</td><td rowspan="1">66043</td></tr></tbody><tbody id="t15"><tr><th colspan="4">Edit existing Attribute Group Test Case &#8212; failed</th></tr><tr class="failedeven"><td rowspan="1">testrunners.EditAttributeGroupTestCase</td><td><a href="#m15">feature</a></td><td rowspan="1">1675777861093</td><td rowspan="1">46691</td></tr></tbody><tbody id="t16"><tr><th colspan="4">Delete existing Attribute Group Test Case &#8212; failed</th></tr><tr class="failedeven"><td rowspan="1">testrunners.DeleteAttributeGroupTestCase</td><td><a href="#m16">feature</a></td><td rowspan="1">1675777907844</td><td rowspan="1">46067</td></tr></tbody></table><h2>Login Test Case</h2><h3 id="m0">testrunners.LoginTestCase#feature</h3><table class="result"><tr class="param"><th>Parameter #1</th></tr><tr class="param stripe"><td>Login Test Case</td></tr></table><p class="totop"><a href="#summary">back to summary</a></p><h2>Create Vertical Test Case</h2><h3 id="m1">testrunners.AddNewVerticalTestCase#feature</h3><table class="result"><tr class="param"><th>Parameter #1</th></tr><tr class="param stripe"><td>Add new Vertical Test Case</td></tr></table><p class="totop"><a href="#summary">back to summary</a></p><h2>Edit existing Vertical Test Case</h2><h3 id="m2">testrunners.EditVerticalTestCase#feature</h3><table class="result"><tr class="param"><th>Parameter #1</th></tr><tr class="param stripe"><td>Edit existing Vertical Test Case</td></tr><tr><th>Exception</th></tr><tr><td><div class="stacktrace">cucumber.runtime.CucumberException: java.lang.AssertionError
	at cucumber.api.testng.TestNGCucumberRunner.runCucumber(TestNGCucumberRunner.java:69)
	at cucumber.api.testng.AbstractTestNGCucumberTests.feature(AbstractTestNGCucumberTests.java:21)
Caused by: java.lang.AssertionError
	at org.junit.Assert.fail(Assert.java:87)
	at org.junit.Assert.assertTrue(Assert.java:42)
	at org.junit.Assert.assertTrue(Assert.java:53)
	at com.qa.stepDefinitions.PreCofigLibrary.user_should_see_modified_vertical(PreCofigLibrary.java:183)
	at ?.Then user should see modified vertical &quot;Edit new Vertical test&quot;(C:/Selenium/PreConfig/src/main/java/com/qa/features/editvertical.feature:23)
... Removed 25 stack frames</div></td></tr></table><p class="totop"><a href="#summary">back to summary</a></p><h2>Delete existing Vertical Test Case</h2><h3 id="m3">testrunners.DeleteVerticalTestCase#feature</h3><table class="result"><tr class="param"><th>Parameter #1</th></tr><tr class="param stripe"><td>Delete existing Vertical Test Case</td></tr><tr><th>Exception</th></tr><tr><td><div class="stacktrace">cucumber.runtime.CucumberException: cucumber.runtime.CucumberException: There are undefined steps
	at cucumber.api.testng.TestNGCucumberRunner.runCucumber(TestNGCucumberRunner.java:69)
	at cucumber.api.testng.AbstractTestNGCucumberTests.feature(AbstractTestNGCucumberTests.java:21)
Caused by: cucumber.runtime.CucumberException: There are undefined steps
	at cucumber.api.testng.FeatureResultListener.collectError(FeatureResultListener.java:60)
	at cucumber.api.testng.FeatureResultListener.result(FeatureResultListener.java:45)
	at cucumber.runtime.Runtime.runStep(Runtime.java:282)
	at cucumber.runtime.model.StepContainer.runStep(StepContainer.java:44)
	at cucumber.runtime.model.StepContainer.runSteps(StepContainer.java:39)
	at cucumber.runtime.model.CucumberScenario.run(CucumberScenario.java:44)
	at cucumber.runtime.model.CucumberScenarioOutline.run(CucumberScenarioOutline.java:46)
	at cucumber.runtime.model.CucumberFeature.run(CucumberFeature.java:165)
	at cucumber.api.testng.TestNGCucumberRunner.runCucumber(TestNGCucumberRunner.java:63)
	... 26 more
... Removed 25 stack frames</div></td></tr></table><p class="totop"><a href="#summary">back to summary</a></p><h2>Create new Function Test Case</h2><h3 id="m4">testrunners.AddNewFunctionTestCase#feature</h3><table class="result"><tr class="param"><th>Parameter #1</th></tr><tr class="param stripe"><td>Add new Function Test Case</td></tr></table><p class="totop"><a href="#summary">back to summary</a></p><h2>Edit existing Function Test Case</h2><h3 id="m5">testrunners.EditFunctionTestCase#feature</h3><table class="result"><tr class="param"><th>Parameter #1</th></tr><tr class="param stripe"><td>Edit existing Function Test Case</td></tr></table><p class="totop"><a href="#summary">back to summary</a></p><h2>Delete existing Function Test Case</h2><h3 id="m6">testrunners.DeleteFunctionTestCase#feature</h3><table class="result"><tr class="param"><th>Parameter #1</th></tr><tr class="param stripe"><td>Delete existing Function Test Case</td></tr></table><p class="totop"><a href="#summary">back to summary</a></p><h2>Add Function to vertical Test Case</h2><h3 id="m7">testrunners.LinkFunctionToVertical#feature</h3><table class="result"><tr class="param"><th>Parameter #1</th></tr><tr class="param stripe"><td>Add Function to Vertical Test Case</td></tr></table><p class="totop"><a href="#summary">back to summary</a></p><h2>Create new Node Type Test Case</h2><h3 id="m8">testrunners.AddNewNodeTypeTestCase#feature</h3><table class="result"><tr class="param"><th>Parameter #1</th></tr><tr class="param stripe"><td>Add new Node Type Test Case</td></tr></table><p class="totop"><a href="#summary">back to summary</a></p><h2>Edit existing Node Type Test Case</h2><h3 id="m9">testrunners.EditNodeTypeTestcase#feature</h3><table class="result"><tr class="param"><th>Parameter #1</th></tr><tr class="param stripe"><td>Edit existing Node Type Test Case</td></tr></table><p class="totop"><a href="#summary">back to summary</a></p><h2>Delete existing Node Type Test Case</h2><h3 id="m10">testrunners.DeleteNodeTypeTestCase#feature</h3><table class="result"><tr class="param"><th>Parameter #1</th></tr><tr class="param stripe"><td>Delete existing Node Type Test Case</td></tr></table><p class="totop"><a href="#summary">back to summary</a></p><h2>Creat New Attribute Test Case</h2><h3 id="m11">testrunners.AddNewAttributeTestCase#feature</h3><table class="result"><tr class="param"><th>Parameter #1</th></tr><tr class="param stripe"><td>Add New Attribute Test Case</td></tr></table><p class="totop"><a href="#summary">back to summary</a></p><h2>Edit existing Attribute Test Case</h2><h3 id="m12">testrunners.EditAttributeTestCase#feature</h3><table class="result"><tr class="param"><th>Parameter #1</th></tr><tr class="param stripe"><td>Edit Existing Attribute Test Case</td></tr></table><p class="totop"><a href="#summary">back to summary</a></p><h2>Delete existing Attribute Test Case</h2><h3 id="m13">testrunners.DeleteAttributeTestCase#feature</h3><table class="result"><tr class="param"><th>Parameter #1</th></tr><tr class="param stripe"><td>Delete existing Attribute Test Case</td></tr></table><p class="totop"><a href="#summary">back to summary</a></p><h2>Creat New Attribute Group Test Case</h2><h3 id="m14">testrunners.AddNewAttributeGroupTestCase#feature</h3><table class="result"><tr class="param"><th>Parameter #1</th></tr><tr class="param stripe"><td>Add New Attribute Group Test Case</td></tr><tr><th>Exception</th></tr><tr><td><div class="stacktrace">cucumber.runtime.CucumberException: org.openqa.selenium.ElementNotInteractableException: element not interactable
  (Session info: chrome=109.0.5414.120)
Build info: version: &apos;3.141.59&apos;, revision: &apos;e82be7d358&apos;, time: &apos;2018-11-14T08:17:03&apos;
System info: host: &apos;DESKTOP-UHORISU&apos;, ip: &apos;192.168.29.146&apos;, os.name: &apos;Windows 10&apos;, os.arch: &apos;amd64&apos;, os.version: &apos;10.0&apos;, java.version: &apos;1.8.0_121&apos;
Driver info: org.openqa.selenium.chrome.ChromeDriver
Capabilities {acceptInsecureCerts: false, browserName: chrome, browserVersion: 109.0.5414.120, chrome: {chromedriverVersion: 109.0.5414.74 (e7c5703604da..., userDataDir: C:\Users\RAJASE~1\AppData\L...}, goog:chromeOptions: {debuggerAddress: localhost:52779}, javascriptEnabled: true, networkConnectionEnabled: false, pageLoadStrategy: normal, platform: WINDOWS, platformName: WINDOWS, proxy: Proxy(), setWindowRect: true, strictFileInteractability: false, timeouts: {implicit: 0, pageLoad: 300000, script: 30000}, unhandledPromptBehavior: dismiss and notify, webauthn:extension:credBlob: true, webauthn:extension:largeBlob: true, webauthn:virtualAuthenticators: true}
Session ID: 479f637a4cb9ec6baaa18daa902b9379
	at cucumber.api.testng.TestNGCucumberRunner.runCucumber(TestNGCucumberRunner.java:69)
	at cucumber.api.testng.AbstractTestNGCucumberTests.feature(AbstractTestNGCucumberTests.java:21)
Caused by: org.openqa.selenium.ElementNotInteractableException: element not interactable
  (Session info: chrome=109.0.5414.120)
Build info: version: &apos;3.141.59&apos;, revision: &apos;e82be7d358&apos;, time: &apos;2018-11-14T08:17:03&apos;
System info: host: &apos;DESKTOP-UHORISU&apos;, ip: &apos;192.168.29.146&apos;, os.name: &apos;Windows 10&apos;, os.arch: &apos;amd64&apos;, os.version: &apos;10.0&apos;, java.version: &apos;1.8.0_121&apos;
Driver info: org.openqa.selenium.chrome.ChromeDriver
Capabilities {acceptInsecureCerts: false, browserName: chrome, browserVersion: 109.0.5414.120, chrome: {chromedriverVersion: 109.0.5414.74 (e7c5703604da..., userDataDir: C:\Users\RAJASE~1\AppData\L...}, goog:chromeOptions: {debuggerAddress: localhost:52779}, javascriptEnabled: true, networkConnectionEnabled: false, pageLoadStrategy: normal, platform: WINDOWS, platformName: WINDOWS, proxy: Proxy(), setWindowRect: true, strictFileInteractability: false, timeouts: {implicit: 0, pageLoad: 300000, script: 30000}, unhandledPromptBehavior: dismiss and notify, webauthn:extension:credBlob: true, webauthn:extension:largeBlob: true, webauthn:virtualAuthenticators: true}
Session ID: 479f637a4cb9ec6baaa18daa902b9379
	at org.openqa.selenium.remote.http.W3CHttpResponseCodec.createException(W3CHttpResponseCodec.java:187)
	at org.openqa.selenium.remote.http.W3CHttpResponseCodec.decode(W3CHttpResponseCodec.java:122)
	at org.openqa.selenium.remote.http.W3CHttpResponseCodec.decode(W3CHttpResponseCodec.java:49)
	at org.openqa.selenium.remote.HttpCommandExecutor.execute(HttpCommandExecutor.java:158)
	at org.openqa.selenium.remote.service.DriverCommandExecutor.execute(DriverCommandExecutor.java:83)
	at org.openqa.selenium.remote.RemoteWebDriver.execute(RemoteWebDriver.java:552)
	at org.openqa.selenium.remote.RemoteWebElement.execute(RemoteWebElement.java:285)
	at org.openqa.selenium.remote.RemoteWebElement.sendKeys(RemoteWebElement.java:106)
	at org.openqa.selenium.support.pagefactory.internal.LocatingElementHandler.invoke(LocatingElementHandler.java:51)
	at com.sun.proxy.$Proxy18.sendKeys(Unknown Source)
	at com.qa.pages.AttributesPage.search_attribute_group_name(AttributesPage.java:271)
	at com.qa.stepDefinitions.PreCofigLibrary.user_search_for_attribute_group_name(PreCofigLibrary.java:569)
	at ?.And user search for attribute group name &quot;Create new Attribute group test&quot;(C:/Selenium/PreConfig/src/main/java/com/qa/features/addattributegroup.feature:19)
... Removed 32 stack frames</div></td></tr></table><p class="totop"><a href="#summary">back to summary</a></p><h2>Edit existing Attribute Group Test Case</h2><h3 id="m15">testrunners.EditAttributeGroupTestCase#feature</h3><table class="result"><tr class="param"><th>Parameter #1</th></tr><tr class="param stripe"><td>Edit Existing Attribute Group Test Case</td></tr><tr><th>Exception</th></tr><tr><td><div class="stacktrace">cucumber.runtime.CucumberException: org.openqa.selenium.ElementNotInteractableException: element not interactable
  (Session info: chrome=109.0.5414.120)
Build info: version: &apos;3.141.59&apos;, revision: &apos;e82be7d358&apos;, time: &apos;2018-11-14T08:17:03&apos;
System info: host: &apos;DESKTOP-UHORISU&apos;, ip: &apos;192.168.29.146&apos;, os.name: &apos;Windows 10&apos;, os.arch: &apos;amd64&apos;, os.version: &apos;10.0&apos;, java.version: &apos;1.8.0_121&apos;
Driver info: org.openqa.selenium.chrome.ChromeDriver
Capabilities {acceptInsecureCerts: false, browserName: chrome, browserVersion: 109.0.5414.120, chrome: {chromedriverVersion: 109.0.5414.74 (e7c5703604da..., userDataDir: C:\Users\RAJASE~1\AppData\L...}, goog:chromeOptions: {debuggerAddress: localhost:52828}, javascriptEnabled: true, networkConnectionEnabled: false, pageLoadStrategy: normal, platform: WINDOWS, platformName: WINDOWS, proxy: Proxy(), setWindowRect: true, strictFileInteractability: false, timeouts: {implicit: 0, pageLoad: 300000, script: 30000}, unhandledPromptBehavior: dismiss and notify, webauthn:extension:credBlob: true, webauthn:extension:largeBlob: true, webauthn:virtualAuthenticators: true}
Session ID: 0148d3613509003966579fe5b5ca99a9
	at cucumber.api.testng.TestNGCucumberRunner.runCucumber(TestNGCucumberRunner.java:69)
	at cucumber.api.testng.AbstractTestNGCucumberTests.feature(AbstractTestNGCucumberTests.java:21)
Caused by: org.openqa.selenium.ElementNotInteractableException: element not interactable
  (Session info: chrome=109.0.5414.120)
Build info: version: &apos;3.141.59&apos;, revision: &apos;e82be7d358&apos;, time: &apos;2018-11-14T08:17:03&apos;
System info: host: &apos;DESKTOP-UHORISU&apos;, ip: &apos;192.168.29.146&apos;, os.name: &apos;Windows 10&apos;, os.arch: &apos;amd64&apos;, os.version: &apos;10.0&apos;, java.version: &apos;1.8.0_121&apos;
Driver info: org.openqa.selenium.chrome.ChromeDriver
Capabilities {acceptInsecureCerts: false, browserName: chrome, browserVersion: 109.0.5414.120, chrome: {chromedriverVersion: 109.0.5414.74 (e7c5703604da..., userDataDir: C:\Users\RAJASE~1\AppData\L...}, goog:chromeOptions: {debuggerAddress: localhost:52828}, javascriptEnabled: true, networkConnectionEnabled: false, pageLoadStrategy: normal, platform: WINDOWS, platformName: WINDOWS, proxy: Proxy(), setWindowRect: true, strictFileInteractability: false, timeouts: {implicit: 0, pageLoad: 300000, script: 30000}, unhandledPromptBehavior: dismiss and notify, webauthn:extension:credBlob: true, webauthn:extension:largeBlob: true, webauthn:virtualAuthenticators: true}
Session ID: 0148d3613509003966579fe5b5ca99a9
	at org.openqa.selenium.remote.http.W3CHttpResponseCodec.createException(W3CHttpResponseCodec.java:187)
	at org.openqa.selenium.remote.http.W3CHttpResponseCodec.decode(W3CHttpResponseCodec.java:122)
	at org.openqa.selenium.remote.http.W3CHttpResponseCodec.decode(W3CHttpResponseCodec.java:49)
	at org.openqa.selenium.remote.HttpCommandExecutor.execute(HttpCommandExecutor.java:158)
	at org.openqa.selenium.remote.service.DriverCommandExecutor.execute(DriverCommandExecutor.java:83)
	at org.openqa.selenium.remote.RemoteWebDriver.execute(RemoteWebDriver.java:552)
	at org.openqa.selenium.remote.RemoteWebElement.execute(RemoteWebElement.java:285)
	at org.openqa.selenium.remote.RemoteWebElement.sendKeys(RemoteWebElement.java:106)
	at org.openqa.selenium.support.pagefactory.internal.LocatingElementHandler.invoke(LocatingElementHandler.java:51)
	at com.sun.proxy.$Proxy18.sendKeys(Unknown Source)
	at com.qa.pages.AttributesPage.search_attribute_group_name(AttributesPage.java:271)
	at com.qa.stepDefinitions.PreCofigLibrary.user_search_for_attribute_group_name(PreCofigLibrary.java:569)
	at ?.And user search for attribute group name &quot;Create new Attribute group test&quot;(C:/Selenium/PreConfig/src/main/java/com/qa/features/editattributegroup.feature:12)
... Removed 32 stack frames</div></td></tr></table><p class="totop"><a href="#summary">back to summary</a></p><h2>Delete existing Attribute Group Test Case</h2><h3 id="m16">testrunners.DeleteAttributeGroupTestCase#feature</h3><table class="result"><tr class="param"><th>Parameter #1</th></tr><tr class="param stripe"><td>Delete Existing Attribute Group Test Case</td></tr><tr><th>Exception</th></tr><tr><td><div class="stacktrace">cucumber.runtime.CucumberException: org.openqa.selenium.ElementNotInteractableException: element not interactable
  (Session info: chrome=109.0.5414.120)
Build info: version: &apos;3.141.59&apos;, revision: &apos;e82be7d358&apos;, time: &apos;2018-11-14T08:17:03&apos;
System info: host: &apos;DESKTOP-UHORISU&apos;, ip: &apos;192.168.29.146&apos;, os.name: &apos;Windows 10&apos;, os.arch: &apos;amd64&apos;, os.version: &apos;10.0&apos;, java.version: &apos;1.8.0_121&apos;
Driver info: org.openqa.selenium.chrome.ChromeDriver
Capabilities {acceptInsecureCerts: false, browserName: chrome, browserVersion: 109.0.5414.120, chrome: {chromedriverVersion: 109.0.5414.74 (e7c5703604da..., userDataDir: C:\Users\RAJASE~1\AppData\L...}, goog:chromeOptions: {debuggerAddress: localhost:52869}, javascriptEnabled: true, networkConnectionEnabled: false, pageLoadStrategy: normal, platform: WINDOWS, platformName: WINDOWS, proxy: Proxy(), setWindowRect: true, strictFileInteractability: false, timeouts: {implicit: 0, pageLoad: 300000, script: 30000}, unhandledPromptBehavior: dismiss and notify, webauthn:extension:credBlob: true, webauthn:extension:largeBlob: true, webauthn:virtualAuthenticators: true}
Session ID: 0e4cc43d67a0e2a4b964a508deb0ba1c
	at cucumber.api.testng.TestNGCucumberRunner.runCucumber(TestNGCucumberRunner.java:69)
	at cucumber.api.testng.AbstractTestNGCucumberTests.feature(AbstractTestNGCucumberTests.java:21)
Caused by: org.openqa.selenium.ElementNotInteractableException: element not interactable
  (Session info: chrome=109.0.5414.120)
Build info: version: &apos;3.141.59&apos;, revision: &apos;e82be7d358&apos;, time: &apos;2018-11-14T08:17:03&apos;
System info: host: &apos;DESKTOP-UHORISU&apos;, ip: &apos;192.168.29.146&apos;, os.name: &apos;Windows 10&apos;, os.arch: &apos;amd64&apos;, os.version: &apos;10.0&apos;, java.version: &apos;1.8.0_121&apos;
Driver info: org.openqa.selenium.chrome.ChromeDriver
Capabilities {acceptInsecureCerts: false, browserName: chrome, browserVersion: 109.0.5414.120, chrome: {chromedriverVersion: 109.0.5414.74 (e7c5703604da..., userDataDir: C:\Users\RAJASE~1\AppData\L...}, goog:chromeOptions: {debuggerAddress: localhost:52869}, javascriptEnabled: true, networkConnectionEnabled: false, pageLoadStrategy: normal, platform: WINDOWS, platformName: WINDOWS, proxy: Proxy(), setWindowRect: true, strictFileInteractability: false, timeouts: {implicit: 0, pageLoad: 300000, script: 30000}, unhandledPromptBehavior: dismiss and notify, webauthn:extension:credBlob: true, webauthn:extension:largeBlob: true, webauthn:virtualAuthenticators: true}
Session ID: 0e4cc43d67a0e2a4b964a508deb0ba1c
	at org.openqa.selenium.remote.http.W3CHttpResponseCodec.createException(W3CHttpResponseCodec.java:187)
	at org.openqa.selenium.remote.http.W3CHttpResponseCodec.decode(W3CHttpResponseCodec.java:122)
	at org.openqa.selenium.remote.http.W3CHttpResponseCodec.decode(W3CHttpResponseCodec.java:49)
	at org.openqa.selenium.remote.HttpCommandExecutor.execute(HttpCommandExecutor.java:158)
	at org.openqa.selenium.remote.service.DriverCommandExecutor.execute(DriverCommandExecutor.java:83)
	at org.openqa.selenium.remote.RemoteWebDriver.execute(RemoteWebDriver.java:552)
	at org.openqa.selenium.remote.RemoteWebElement.execute(RemoteWebElement.java:285)
	at org.openqa.selenium.remote.RemoteWebElement.sendKeys(RemoteWebElement.java:106)
	at org.openqa.selenium.support.pagefactory.internal.LocatingElementHandler.invoke(LocatingElementHandler.java:51)
	at com.sun.proxy.$Proxy18.sendKeys(Unknown Source)
	at com.qa.pages.AttributesPage.search_attribute_group_name(AttributesPage.java:271)
	at com.qa.stepDefinitions.PreCofigLibrary.user_search_for_attribute_group_name(PreCofigLibrary.java:569)
	at ?.And user search for attribute group name &quot;Edit Attribute group test&quot;(C:/Selenium/PreConfig/src/main/java/com/qa/features/deleteattributegroup.feature:12)
... Removed 31 stack frames</div></td></tr></table><p class="totop"><a href="#summary">back to summary</a></p></body></html>