<!DOCTYPE html>

<html>
  <head>
  <meta charset='utf-8'>
  <title>TestNG reports</title>

    <link type="text/css" href="testng-reports.css" rel="stylesheet" />
    <script type="text/javascript" src="jquery-1.7.1.min.js"></script>
    <script type="text/javascript" src="testng-reports.js"></script>
    <script type="text/javascript" src="https://www.google.com/jsapi"></script>
    <script type='text/javascript'>
      google.load('visualization', '1', {packages:['table']});
      google.setOnLoadCallback(drawTable);
      var suiteTableInitFunctions = new Array();
      var suiteTableData = new Array();
    </script>
    <!--
      <script type="text/javascript" src="jquery-ui/js/jquery-ui-1.8.16.custom.min.js"></script>
     -->
  </head>

  <body>
    <div class="top-banner-root">
      <span class="top-banner-title-font">Test results</span>
      <br/>
      <span class="top-banner-font-1">1 suite, 5 failed tests</span>
    </div> <!-- top-banner-root -->
    <div class="navigator-root">
      <div class="navigator-suite-header">
        <span>All suites</span>
        <a href="#" class="collapse-all-link" title="Collapse/expand all the suites">
          <img class="collapse-all-icon" src="collapseall.gif">
          </img> <!-- collapse-all-icon -->
        </a> <!-- collapse-all-link -->
      </div> <!-- navigator-suite-header -->
      <div class="suite">
        <div class="rounded-window">
          <div class="suite-header light-rounded-window-top">
            <a href="#" class="navigator-link" panel-name="suite-Pre-Cofig_Test_Suite">
              <span class="suite-name border-failed">Pre-Cofig Test Suite</span>
            </a> <!-- navigator-link -->
          </div> <!-- suite-header light-rounded-window-top -->
          <div class="navigator-suite-content">
            <div class="suite-section-title">
              <span>Info</span>
            </div> <!-- suite-section-title -->
            <div class="suite-section-content">
              <ul>
                <li>
                  <a href="#" class="navigator-link " panel-name="test-xml-Pre-Cofig_Test_Suite">
                    <span>C:\Selenium\PreConfig\testsuite.xml</span>
                  </a> <!-- navigator-link  -->
                </li>
                <li>
                  <a href="#" class="navigator-link " panel-name="testlist-Pre-Cofig_Test_Suite">
                    <span class="test-stats">17 tests</span>
                  </a> <!-- navigator-link  -->
                </li>
                <li>
                  <a href="#" class="navigator-link " panel-name="group-Pre-Cofig_Test_Suite">
                    <span>1 group</span>
                  </a> <!-- navigator-link  -->
                </li>
                <li>
                  <a href="#" class="navigator-link " panel-name="times-Pre-Cofig_Test_Suite">
                    <span>Times</span>
                  </a> <!-- navigator-link  -->
                </li>
                <li>
                  <a href="#" class="navigator-link " panel-name="reporter-Pre-Cofig_Test_Suite">
                    <span>Reporter output</span>
                  </a> <!-- navigator-link  -->
                </li>
                <li>
                  <a href="#" class="navigator-link " panel-name="ignored-methods-Pre-Cofig_Test_Suite">
                    <span>Ignored methods</span>
                  </a> <!-- navigator-link  -->
                </li>
                <li>
                  <a href="#" class="navigator-link " panel-name="chronological-Pre-Cofig_Test_Suite">
                    <span>Chronological view</span>
                  </a> <!-- navigator-link  -->
                </li>
              </ul>
            </div> <!-- suite-section-content -->
            <div class="result-section">
              <div class="suite-section-title">
                <span>Results</span>
              </div> <!-- suite-section-title -->
              <div class="suite-section-content">
                <ul>
                  <li>
                    <span class="method-stats">17 methods, 5 failed,   12 passed</span>
                  </li>
                  <li>
                    <span class="method-list-title failed">Failed methods</span>
                    <span class="show-or-hide-methods failed">
                      <a href="#" panel-name="suite-Pre-Cofig_Test_Suite" class="hide-methods failed suite-Pre-Cofig_Test_Suite"> (hide)</a> <!-- hide-methods failed suite-Pre-Cofig_Test_Suite -->
                      <a href="#" panel-name="suite-Pre-Cofig_Test_Suite" class="show-methods failed suite-Pre-Cofig_Test_Suite"> (show)</a> <!-- show-methods failed suite-Pre-Cofig_Test_Suite -->
                    </span>
                    <div class="method-list-content failed suite-Pre-Cofig_Test_Suite">
                      <span>
                        <img width="3%" src="failed.png"/>
                        <a href="#" class="method navigator-link" panel-name="suite-Pre-Cofig_Test_Suite" title="testrunners.EditVerticalTestCase" hash-for-method="feature(Edit existing Vertical Test Case)">feature(Edit existing Vertical Test Case)</a> <!-- method navigator-link -->
                      </span>
                      <br/>
                      <span>
                        <img width="3%" src="failed.png"/>
                        <a href="#" class="method navigator-link" panel-name="suite-Pre-Cofig_Test_Suite" title="testrunners.DeleteVerticalTestCase" hash-for-method="feature(Delete existing Vertical Test Case)">feature(Delete existing Vertical Test Case)</a> <!-- method navigator-link -->
                      </span>
                      <br/>
                      <span>
                        <img width="3%" src="failed.png"/>
                        <a href="#" class="method navigator-link" panel-name="suite-Pre-Cofig_Test_Suite" title="testrunners.AddNewAttributeGroupTestCase" hash-for-method="feature(Add New Attribute Group Test Case)">feature(Add New Attribute Group Test Case)</a> <!-- method navigator-link -->
                      </span>
                      <br/>
                      <span>
                        <img width="3%" src="failed.png"/>
                        <a href="#" class="method navigator-link" panel-name="suite-Pre-Cofig_Test_Suite" title="testrunners.EditAttributeGroupTestCase" hash-for-method="feature(Edit Existing Attribute Group Test Case)">feature(Edit Existing Attribute Group Test Case)</a> <!-- method navigator-link -->
                      </span>
                      <br/>
                      <span>
                        <img width="3%" src="failed.png"/>
                        <a href="#" class="method navigator-link" panel-name="suite-Pre-Cofig_Test_Suite" title="testrunners.DeleteAttributeGroupTestCase" hash-for-method="feature(Delete Existing Attribute Group Test Case)">feature(Delete Existing Attribute Group Test Case)</a> <!-- method navigator-link -->
                      </span>
                      <br/>
                    </div> <!-- method-list-content failed suite-Pre-Cofig_Test_Suite -->
                  </li>
                  <li>
                    <span class="method-list-title passed">Passed methods</span>
                    <span class="show-or-hide-methods passed">
                      <a href="#" panel-name="suite-Pre-Cofig_Test_Suite" class="hide-methods passed suite-Pre-Cofig_Test_Suite"> (hide)</a> <!-- hide-methods passed suite-Pre-Cofig_Test_Suite -->
                      <a href="#" panel-name="suite-Pre-Cofig_Test_Suite" class="show-methods passed suite-Pre-Cofig_Test_Suite"> (show)</a> <!-- show-methods passed suite-Pre-Cofig_Test_Suite -->
                    </span>
                    <div class="method-list-content passed suite-Pre-Cofig_Test_Suite">
                      <span>
                        <img width="3%" src="passed.png"/>
                        <a href="#" class="method navigator-link" panel-name="suite-Pre-Cofig_Test_Suite" title="testrunners.LoginTestCase" hash-for-method="feature(Login Test Case)">feature(Login Test Case)</a> <!-- method navigator-link -->
                      </span>
                      <br/>
                      <span>
                        <img width="3%" src="passed.png"/>
                        <a href="#" class="method navigator-link" panel-name="suite-Pre-Cofig_Test_Suite" title="testrunners.AddNewVerticalTestCase" hash-for-method="feature(Add new Vertical Test Case)">feature(Add new Vertical Test Case)</a> <!-- method navigator-link -->
                      </span>
                      <br/>
                      <span>
                        <img width="3%" src="passed.png"/>
                        <a href="#" class="method navigator-link" panel-name="suite-Pre-Cofig_Test_Suite" title="testrunners.AddNewFunctionTestCase" hash-for-method="feature(Add new Function Test Case)">feature(Add new Function Test Case)</a> <!-- method navigator-link -->
                      </span>
                      <br/>
                      <span>
                        <img width="3%" src="passed.png"/>
                        <a href="#" class="method navigator-link" panel-name="suite-Pre-Cofig_Test_Suite" title="testrunners.EditFunctionTestCase" hash-for-method="feature(Edit existing Function Test Case)">feature(Edit existing Function Test Case)</a> <!-- method navigator-link -->
                      </span>
                      <br/>
                      <span>
                        <img width="3%" src="passed.png"/>
                        <a href="#" class="method navigator-link" panel-name="suite-Pre-Cofig_Test_Suite" title="testrunners.DeleteFunctionTestCase" hash-for-method="feature(Delete existing Function Test Case)">feature(Delete existing Function Test Case)</a> <!-- method navigator-link -->
                      </span>
                      <br/>
                      <span>
                        <img width="3%" src="passed.png"/>
                        <a href="#" class="method navigator-link" panel-name="suite-Pre-Cofig_Test_Suite" title="testrunners.LinkFunctionToVertical" hash-for-method="feature(Add Function to Vertical Test Case)">feature(Add Function to Vertical Test Case)</a> <!-- method navigator-link -->
                      </span>
                      <br/>
                      <span>
                        <img width="3%" src="passed.png"/>
                        <a href="#" class="method navigator-link" panel-name="suite-Pre-Cofig_Test_Suite" title="testrunners.AddNewNodeTypeTestCase" hash-for-method="feature(Add new Node Type Test Case)">feature(Add new Node Type Test Case)</a> <!-- method navigator-link -->
                      </span>
                      <br/>
                      <span>
                        <img width="3%" src="passed.png"/>
                        <a href="#" class="method navigator-link" panel-name="suite-Pre-Cofig_Test_Suite" title="testrunners.EditNodeTypeTestcase" hash-for-method="feature(Edit existing Node Type Test Case)">feature(Edit existing Node Type Test Case)</a> <!-- method navigator-link -->
                      </span>
                      <br/>
                      <span>
                        <img width="3%" src="passed.png"/>
                        <a href="#" class="method navigator-link" panel-name="suite-Pre-Cofig_Test_Suite" title="testrunners.DeleteNodeTypeTestCase" hash-for-method="feature(Delete existing Node Type Test Case)">feature(Delete existing Node Type Test Case)</a> <!-- method navigator-link -->
                      </span>
                      <br/>
                      <span>
                        <img width="3%" src="passed.png"/>
                        <a href="#" class="method navigator-link" panel-name="suite-Pre-Cofig_Test_Suite" title="testrunners.AddNewAttributeTestCase" hash-for-method="feature(Add New Attribute Test Case)">feature(Add New Attribute Test Case)</a> <!-- method navigator-link -->
                      </span>
                      <br/>
                      <span>
                        <img width="3%" src="passed.png"/>
                        <a href="#" class="method navigator-link" panel-name="suite-Pre-Cofig_Test_Suite" title="testrunners.EditAttributeTestCase" hash-for-method="feature(Edit Existing Attribute Test Case)">feature(Edit Existing Attribute Test Case)</a> <!-- method navigator-link -->
                      </span>
                      <br/>
                      <span>
                        <img width="3%" src="passed.png"/>
                        <a href="#" class="method navigator-link" panel-name="suite-Pre-Cofig_Test_Suite" title="testrunners.DeleteAttributeTestCase" hash-for-method="feature(Delete existing Attribute Test Case)">feature(Delete existing Attribute Test Case)</a> <!-- method navigator-link -->
                      </span>
                      <br/>
                    </div> <!-- method-list-content passed suite-Pre-Cofig_Test_Suite -->
                  </li>
                </ul>
              </div> <!-- suite-section-content -->
            </div> <!-- result-section -->
          </div> <!-- navigator-suite-content -->
        </div> <!-- rounded-window -->
      </div> <!-- suite -->
    </div> <!-- navigator-root -->
    <div class="wrapper">
      <div class="main-panel-root">
        <div panel-name="suite-Pre-Cofig_Test_Suite" class="panel Pre-Cofig_Test_Suite">
          <div class="suite-Pre-Cofig_Test_Suite-class-failed">
            <div class="main-panel-header rounded-window-top">
              <img src="failed.png"/>
              <span class="class-name">testrunners.AddNewAttributeGroupTestCase</span>
            </div> <!-- main-panel-header rounded-window-top -->
            <div class="main-panel-content rounded-window-bottom">
              <div class="method">
                <div class="method-content">
                  <a name="feature(Add New Attribute Group Test Case)">
                  </a> <!-- feature(Add New Attribute Group Test Case) -->
                  <span class="method-name">feature</span>
                  <span class="parameters">(Add New Attribute Group Test Case)</span>
                  <div class="stack-trace">cucumber.runtime.CucumberException: org.openqa.selenium.ElementNotInteractableException: element not interactable
  (Session info: chrome=109.0.5414.120)
Build info: version: &apos;3.141.59&apos;, revision: &apos;e82be7d358&apos;, time: &apos;2018-11-14T08:17:03&apos;
System info: host: &apos;DESKTOP-UHORISU&apos;, ip: &apos;192.168.29.146&apos;, os.name: &apos;Windows 10&apos;, os.arch: &apos;amd64&apos;, os.version: &apos;10.0&apos;, java.version: &apos;1.8.0_121&apos;
Driver info: org.openqa.selenium.chrome.ChromeDriver
Capabilities {acceptInsecureCerts: false, browserName: chrome, browserVersion: 109.0.5414.120, chrome: {chromedriverVersion: 109.0.5414.74 (e7c5703604da..., userDataDir: C:\Users\RAJASE~1\AppData\L...}, goog:chromeOptions: {debuggerAddress: localhost:52779}, javascriptEnabled: true, networkConnectionEnabled: false, pageLoadStrategy: normal, platform: WINDOWS, platformName: WINDOWS, proxy: Proxy(), setWindowRect: true, strictFileInteractability: false, timeouts: {implicit: 0, pageLoad: 300000, script: 30000}, unhandledPromptBehavior: dismiss and notify, webauthn:extension:credBlob: true, webauthn:extension:largeBlob: true, webauthn:virtualAuthenticators: true}
Session ID: 479f637a4cb9ec6baaa18daa902b9379
	at cucumber.api.testng.TestNGCucumberRunner.runCucumber(TestNGCucumberRunner.java:69)
	at cucumber.api.testng.AbstractTestNGCucumberTests.feature(AbstractTestNGCucumberTests.java:21)
Caused by: org.openqa.selenium.ElementNotInteractableException: element not interactable
  (Session info: chrome=109.0.5414.120)
Build info: version: &apos;3.141.59&apos;, revision: &apos;e82be7d358&apos;, time: &apos;2018-11-14T08:17:03&apos;
System info: host: &apos;DESKTOP-UHORISU&apos;, ip: &apos;192.168.29.146&apos;, os.name: &apos;Windows 10&apos;, os.arch: &apos;amd64&apos;, os.version: &apos;10.0&apos;, java.version: &apos;1.8.0_121&apos;
Driver info: org.openqa.selenium.chrome.ChromeDriver
Capabilities {acceptInsecureCerts: false, browserName: chrome, browserVersion: 109.0.5414.120, chrome: {chromedriverVersion: 109.0.5414.74 (e7c5703604da..., userDataDir: C:\Users\RAJASE~1\AppData\L...}, goog:chromeOptions: {debuggerAddress: localhost:52779}, javascriptEnabled: true, networkConnectionEnabled: false, pageLoadStrategy: normal, platform: WINDOWS, platformName: WINDOWS, proxy: Proxy(), setWindowRect: true, strictFileInteractability: false, timeouts: {implicit: 0, pageLoad: 300000, script: 30000}, unhandledPromptBehavior: dismiss and notify, webauthn:extension:credBlob: true, webauthn:extension:largeBlob: true, webauthn:virtualAuthenticators: true}
Session ID: 479f637a4cb9ec6baaa18daa902b9379
	at org.openqa.selenium.remote.http.W3CHttpResponseCodec.createException(W3CHttpResponseCodec.java:187)
	at org.openqa.selenium.remote.http.W3CHttpResponseCodec.decode(W3CHttpResponseCodec.java:122)
	at org.openqa.selenium.remote.http.W3CHttpResponseCodec.decode(W3CHttpResponseCodec.java:49)
	at org.openqa.selenium.remote.HttpCommandExecutor.execute(HttpCommandExecutor.java:158)
	at org.openqa.selenium.remote.service.DriverCommandExecutor.execute(DriverCommandExecutor.java:83)
	at org.openqa.selenium.remote.RemoteWebDriver.execute(RemoteWebDriver.java:552)
	at org.openqa.selenium.remote.RemoteWebElement.execute(RemoteWebElement.java:285)
	at org.openqa.selenium.remote.RemoteWebElement.sendKeys(RemoteWebElement.java:106)
	at org.openqa.selenium.support.pagefactory.internal.LocatingElementHandler.invoke(LocatingElementHandler.java:51)
	at com.sun.proxy.$Proxy18.sendKeys(Unknown Source)
	at com.qa.pages.AttributesPage.search_attribute_group_name(AttributesPage.java:271)
	at com.qa.stepDefinitions.PreCofigLibrary.user_search_for_attribute_group_name(PreCofigLibrary.java:569)
	at ✽.And user search for attribute group name &quot;Create new Attribute group test&quot;(C:/Selenium/PreConfig/src/main/java/com/qa/features/addattributegroup.feature:19)
... Removed 32 stack frames
</div> <!-- stack-trace -->
                  <em>
(Runs Cucumber Feature)                  </em>
                </div> <!-- method-content -->
              </div> <!-- method -->
            </div> <!-- main-panel-content rounded-window-bottom -->
          </div> <!-- suite-Pre-Cofig_Test_Suite-class-failed -->
          <div class="suite-Pre-Cofig_Test_Suite-class-failed">
            <div class="main-panel-header rounded-window-top">
              <img src="failed.png"/>
              <span class="class-name">testrunners.DeleteVerticalTestCase</span>
            </div> <!-- main-panel-header rounded-window-top -->
            <div class="main-panel-content rounded-window-bottom">
              <div class="method">
                <div class="method-content">
                  <a name="feature(Delete existing Vertical Test Case)">
                  </a> <!-- feature(Delete existing Vertical Test Case) -->
                  <span class="method-name">feature</span>
                  <span class="parameters">(Delete existing Vertical Test Case)</span>
                  <div class="stack-trace">cucumber.runtime.CucumberException: cucumber.runtime.CucumberException: There are undefined steps
	at cucumber.api.testng.TestNGCucumberRunner.runCucumber(TestNGCucumberRunner.java:69)
	at cucumber.api.testng.AbstractTestNGCucumberTests.feature(AbstractTestNGCucumberTests.java:21)
Caused by: cucumber.runtime.CucumberException: There are undefined steps
	at cucumber.api.testng.FeatureResultListener.collectError(FeatureResultListener.java:60)
	at cucumber.api.testng.FeatureResultListener.result(FeatureResultListener.java:45)
	at cucumber.runtime.Runtime.runStep(Runtime.java:282)
	at cucumber.runtime.model.StepContainer.runStep(StepContainer.java:44)
	at cucumber.runtime.model.StepContainer.runSteps(StepContainer.java:39)
	at cucumber.runtime.model.CucumberScenario.run(CucumberScenario.java:44)
	at cucumber.runtime.model.CucumberScenarioOutline.run(CucumberScenarioOutline.java:46)
	at cucumber.runtime.model.CucumberFeature.run(CucumberFeature.java:165)
	at cucumber.api.testng.TestNGCucumberRunner.runCucumber(TestNGCucumberRunner.java:63)
	... 26 more
... Removed 25 stack frames
</div> <!-- stack-trace -->
                  <em>
(Runs Cucumber Feature)                  </em>
                </div> <!-- method-content -->
              </div> <!-- method -->
            </div> <!-- main-panel-content rounded-window-bottom -->
          </div> <!-- suite-Pre-Cofig_Test_Suite-class-failed -->
          <div class="suite-Pre-Cofig_Test_Suite-class-failed">
            <div class="main-panel-header rounded-window-top">
              <img src="failed.png"/>
              <span class="class-name">testrunners.EditAttributeGroupTestCase</span>
            </div> <!-- main-panel-header rounded-window-top -->
            <div class="main-panel-content rounded-window-bottom">
              <div class="method">
                <div class="method-content">
                  <a name="feature(Edit Existing Attribute Group Test Case)">
                  </a> <!-- feature(Edit Existing Attribute Group Test Case) -->
                  <span class="method-name">feature</span>
                  <span class="parameters">(Edit Existing Attribute Group Test Case)</span>
                  <div class="stack-trace">cucumber.runtime.CucumberException: org.openqa.selenium.ElementNotInteractableException: element not interactable
  (Session info: chrome=109.0.5414.120)
Build info: version: &apos;3.141.59&apos;, revision: &apos;e82be7d358&apos;, time: &apos;2018-11-14T08:17:03&apos;
System info: host: &apos;DESKTOP-UHORISU&apos;, ip: &apos;192.168.29.146&apos;, os.name: &apos;Windows 10&apos;, os.arch: &apos;amd64&apos;, os.version: &apos;10.0&apos;, java.version: &apos;1.8.0_121&apos;
Driver info: org.openqa.selenium.chrome.ChromeDriver
Capabilities {acceptInsecureCerts: false, browserName: chrome, browserVersion: 109.0.5414.120, chrome: {chromedriverVersion: 109.0.5414.74 (e7c5703604da..., userDataDir: C:\Users\RAJASE~1\AppData\L...}, goog:chromeOptions: {debuggerAddress: localhost:52828}, javascriptEnabled: true, networkConnectionEnabled: false, pageLoadStrategy: normal, platform: WINDOWS, platformName: WINDOWS, proxy: Proxy(), setWindowRect: true, strictFileInteractability: false, timeouts: {implicit: 0, pageLoad: 300000, script: 30000}, unhandledPromptBehavior: dismiss and notify, webauthn:extension:credBlob: true, webauthn:extension:largeBlob: true, webauthn:virtualAuthenticators: true}
Session ID: 0148d3613509003966579fe5b5ca99a9
	at cucumber.api.testng.TestNGCucumberRunner.runCucumber(TestNGCucumberRunner.java:69)
	at cucumber.api.testng.AbstractTestNGCucumberTests.feature(AbstractTestNGCucumberTests.java:21)
Caused by: org.openqa.selenium.ElementNotInteractableException: element not interactable
  (Session info: chrome=109.0.5414.120)
Build info: version: &apos;3.141.59&apos;, revision: &apos;e82be7d358&apos;, time: &apos;2018-11-14T08:17:03&apos;
System info: host: &apos;DESKTOP-UHORISU&apos;, ip: &apos;192.168.29.146&apos;, os.name: &apos;Windows 10&apos;, os.arch: &apos;amd64&apos;, os.version: &apos;10.0&apos;, java.version: &apos;1.8.0_121&apos;
Driver info: org.openqa.selenium.chrome.ChromeDriver
Capabilities {acceptInsecureCerts: false, browserName: chrome, browserVersion: 109.0.5414.120, chrome: {chromedriverVersion: 109.0.5414.74 (e7c5703604da..., userDataDir: C:\Users\RAJASE~1\AppData\L...}, goog:chromeOptions: {debuggerAddress: localhost:52828}, javascriptEnabled: true, networkConnectionEnabled: false, pageLoadStrategy: normal, platform: WINDOWS, platformName: WINDOWS, proxy: Proxy(), setWindowRect: true, strictFileInteractability: false, timeouts: {implicit: 0, pageLoad: 300000, script: 30000}, unhandledPromptBehavior: dismiss and notify, webauthn:extension:credBlob: true, webauthn:extension:largeBlob: true, webauthn:virtualAuthenticators: true}
Session ID: 0148d3613509003966579fe5b5ca99a9
	at org.openqa.selenium.remote.http.W3CHttpResponseCodec.createException(W3CHttpResponseCodec.java:187)
	at org.openqa.selenium.remote.http.W3CHttpResponseCodec.decode(W3CHttpResponseCodec.java:122)
	at org.openqa.selenium.remote.http.W3CHttpResponseCodec.decode(W3CHttpResponseCodec.java:49)
	at org.openqa.selenium.remote.HttpCommandExecutor.execute(HttpCommandExecutor.java:158)
	at org.openqa.selenium.remote.service.DriverCommandExecutor.execute(DriverCommandExecutor.java:83)
	at org.openqa.selenium.remote.RemoteWebDriver.execute(RemoteWebDriver.java:552)
	at org.openqa.selenium.remote.RemoteWebElement.execute(RemoteWebElement.java:285)
	at org.openqa.selenium.remote.RemoteWebElement.sendKeys(RemoteWebElement.java:106)
	at org.openqa.selenium.support.pagefactory.internal.LocatingElementHandler.invoke(LocatingElementHandler.java:51)
	at com.sun.proxy.$Proxy18.sendKeys(Unknown Source)
	at com.qa.pages.AttributesPage.search_attribute_group_name(AttributesPage.java:271)
	at com.qa.stepDefinitions.PreCofigLibrary.user_search_for_attribute_group_name(PreCofigLibrary.java:569)
	at ✽.And user search for attribute group name &quot;Create new Attribute group test&quot;(C:/Selenium/PreConfig/src/main/java/com/qa/features/editattributegroup.feature:12)
... Removed 32 stack frames
</div> <!-- stack-trace -->
                  <em>
(Runs Cucumber Feature)                  </em>
                </div> <!-- method-content -->
              </div> <!-- method -->
            </div> <!-- main-panel-content rounded-window-bottom -->
          </div> <!-- suite-Pre-Cofig_Test_Suite-class-failed -->
          <div class="suite-Pre-Cofig_Test_Suite-class-failed">
            <div class="main-panel-header rounded-window-top">
              <img src="failed.png"/>
              <span class="class-name">testrunners.EditVerticalTestCase</span>
            </div> <!-- main-panel-header rounded-window-top -->
            <div class="main-panel-content rounded-window-bottom">
              <div class="method">
                <div class="method-content">
                  <a name="feature(Edit existing Vertical Test Case)">
                  </a> <!-- feature(Edit existing Vertical Test Case) -->
                  <span class="method-name">feature</span>
                  <span class="parameters">(Edit existing Vertical Test Case)</span>
                  <div class="stack-trace">cucumber.runtime.CucumberException: java.lang.AssertionError
	at cucumber.api.testng.TestNGCucumberRunner.runCucumber(TestNGCucumberRunner.java:69)
	at cucumber.api.testng.AbstractTestNGCucumberTests.feature(AbstractTestNGCucumberTests.java:21)
Caused by: java.lang.AssertionError
	at org.junit.Assert.fail(Assert.java:87)
	at org.junit.Assert.assertTrue(Assert.java:42)
	at org.junit.Assert.assertTrue(Assert.java:53)
	at com.qa.stepDefinitions.PreCofigLibrary.user_should_see_modified_vertical(PreCofigLibrary.java:183)
	at ✽.Then user should see modified vertical &quot;Edit new Vertical test&quot;(C:/Selenium/PreConfig/src/main/java/com/qa/features/editvertical.feature:23)
... Removed 25 stack frames
</div> <!-- stack-trace -->
                  <em>
(Runs Cucumber Feature)                  </em>
                </div> <!-- method-content -->
              </div> <!-- method -->
            </div> <!-- main-panel-content rounded-window-bottom -->
          </div> <!-- suite-Pre-Cofig_Test_Suite-class-failed -->
          <div class="suite-Pre-Cofig_Test_Suite-class-failed">
            <div class="main-panel-header rounded-window-top">
              <img src="failed.png"/>
              <span class="class-name">testrunners.DeleteAttributeGroupTestCase</span>
            </div> <!-- main-panel-header rounded-window-top -->
            <div class="main-panel-content rounded-window-bottom">
              <div class="method">
                <div class="method-content">
                  <a name="feature(Delete Existing Attribute Group Test Case)">
                  </a> <!-- feature(Delete Existing Attribute Group Test Case) -->
                  <span class="method-name">feature</span>
                  <span class="parameters">(Delete Existing Attribute Group Test Case)</span>
                  <div class="stack-trace">cucumber.runtime.CucumberException: org.openqa.selenium.ElementNotInteractableException: element not interactable
  (Session info: chrome=109.0.5414.120)
Build info: version: &apos;3.141.59&apos;, revision: &apos;e82be7d358&apos;, time: &apos;2018-11-14T08:17:03&apos;
System info: host: &apos;DESKTOP-UHORISU&apos;, ip: &apos;192.168.29.146&apos;, os.name: &apos;Windows 10&apos;, os.arch: &apos;amd64&apos;, os.version: &apos;10.0&apos;, java.version: &apos;1.8.0_121&apos;
Driver info: org.openqa.selenium.chrome.ChromeDriver
Capabilities {acceptInsecureCerts: false, browserName: chrome, browserVersion: 109.0.5414.120, chrome: {chromedriverVersion: 109.0.5414.74 (e7c5703604da..., userDataDir: C:\Users\RAJASE~1\AppData\L...}, goog:chromeOptions: {debuggerAddress: localhost:52869}, javascriptEnabled: true, networkConnectionEnabled: false, pageLoadStrategy: normal, platform: WINDOWS, platformName: WINDOWS, proxy: Proxy(), setWindowRect: true, strictFileInteractability: false, timeouts: {implicit: 0, pageLoad: 300000, script: 30000}, unhandledPromptBehavior: dismiss and notify, webauthn:extension:credBlob: true, webauthn:extension:largeBlob: true, webauthn:virtualAuthenticators: true}
Session ID: 0e4cc43d67a0e2a4b964a508deb0ba1c
	at cucumber.api.testng.TestNGCucumberRunner.runCucumber(TestNGCucumberRunner.java:69)
	at cucumber.api.testng.AbstractTestNGCucumberTests.feature(AbstractTestNGCucumberTests.java:21)
Caused by: org.openqa.selenium.ElementNotInteractableException: element not interactable
  (Session info: chrome=109.0.5414.120)
Build info: version: &apos;3.141.59&apos;, revision: &apos;e82be7d358&apos;, time: &apos;2018-11-14T08:17:03&apos;
System info: host: &apos;DESKTOP-UHORISU&apos;, ip: &apos;192.168.29.146&apos;, os.name: &apos;Windows 10&apos;, os.arch: &apos;amd64&apos;, os.version: &apos;10.0&apos;, java.version: &apos;1.8.0_121&apos;
Driver info: org.openqa.selenium.chrome.ChromeDriver
Capabilities {acceptInsecureCerts: false, browserName: chrome, browserVersion: 109.0.5414.120, chrome: {chromedriverVersion: 109.0.5414.74 (e7c5703604da..., userDataDir: C:\Users\RAJASE~1\AppData\L...}, goog:chromeOptions: {debuggerAddress: localhost:52869}, javascriptEnabled: true, networkConnectionEnabled: false, pageLoadStrategy: normal, platform: WINDOWS, platformName: WINDOWS, proxy: Proxy(), setWindowRect: true, strictFileInteractability: false, timeouts: {implicit: 0, pageLoad: 300000, script: 30000}, unhandledPromptBehavior: dismiss and notify, webauthn:extension:credBlob: true, webauthn:extension:largeBlob: true, webauthn:virtualAuthenticators: true}
Session ID: 0e4cc43d67a0e2a4b964a508deb0ba1c
	at org.openqa.selenium.remote.http.W3CHttpResponseCodec.createException(W3CHttpResponseCodec.java:187)
	at org.openqa.selenium.remote.http.W3CHttpResponseCodec.decode(W3CHttpResponseCodec.java:122)
	at org.openqa.selenium.remote.http.W3CHttpResponseCodec.decode(W3CHttpResponseCodec.java:49)
	at org.openqa.selenium.remote.HttpCommandExecutor.execute(HttpCommandExecutor.java:158)
	at org.openqa.selenium.remote.service.DriverCommandExecutor.execute(DriverCommandExecutor.java:83)
	at org.openqa.selenium.remote.RemoteWebDriver.execute(RemoteWebDriver.java:552)
	at org.openqa.selenium.remote.RemoteWebElement.execute(RemoteWebElement.java:285)
	at org.openqa.selenium.remote.RemoteWebElement.sendKeys(RemoteWebElement.java:106)
	at org.openqa.selenium.support.pagefactory.internal.LocatingElementHandler.invoke(LocatingElementHandler.java:51)
	at com.sun.proxy.$Proxy18.sendKeys(Unknown Source)
	at com.qa.pages.AttributesPage.search_attribute_group_name(AttributesPage.java:271)
	at com.qa.stepDefinitions.PreCofigLibrary.user_search_for_attribute_group_name(PreCofigLibrary.java:569)
	at ✽.And user search for attribute group name &quot;Edit Attribute group test&quot;(C:/Selenium/PreConfig/src/main/java/com/qa/features/deleteattributegroup.feature:12)
... Removed 31 stack frames
</div> <!-- stack-trace -->
                  <em>
(Runs Cucumber Feature)                  </em>
                </div> <!-- method-content -->
              </div> <!-- method -->
            </div> <!-- main-panel-content rounded-window-bottom -->
          </div> <!-- suite-Pre-Cofig_Test_Suite-class-failed -->
          <div class="suite-Pre-Cofig_Test_Suite-class-passed">
            <div class="main-panel-header rounded-window-top">
              <img src="passed.png"/>
              <span class="class-name">testrunners.EditFunctionTestCase</span>
            </div> <!-- main-panel-header rounded-window-top -->
            <div class="main-panel-content rounded-window-bottom">
              <div class="method">
                <div class="method-content">
                  <a name="feature(Edit existing Function Test Case)">
                  </a> <!-- feature(Edit existing Function Test Case) -->
                  <span class="method-name">feature</span>
                  <span class="parameters">(Edit existing Function Test Case)</span>
                  <em>
(Runs Cucumber Feature)                  </em>
                </div> <!-- method-content -->
              </div> <!-- method -->
            </div> <!-- main-panel-content rounded-window-bottom -->
          </div> <!-- suite-Pre-Cofig_Test_Suite-class-passed -->
          <div class="suite-Pre-Cofig_Test_Suite-class-passed">
            <div class="main-panel-header rounded-window-top">
              <img src="passed.png"/>
              <span class="class-name">testrunners.LoginTestCase</span>
            </div> <!-- main-panel-header rounded-window-top -->
            <div class="main-panel-content rounded-window-bottom">
              <div class="method">
                <div class="method-content">
                  <a name="feature(Login Test Case)">
                  </a> <!-- feature(Login Test Case) -->
                  <span class="method-name">feature</span>
                  <span class="parameters">(Login Test Case)</span>
                  <em>
(Runs Cucumber Feature)                  </em>
                </div> <!-- method-content -->
              </div> <!-- method -->
            </div> <!-- main-panel-content rounded-window-bottom -->
          </div> <!-- suite-Pre-Cofig_Test_Suite-class-passed -->
          <div class="suite-Pre-Cofig_Test_Suite-class-passed">
            <div class="main-panel-header rounded-window-top">
              <img src="passed.png"/>
              <span class="class-name">testrunners.DeleteNodeTypeTestCase</span>
            </div> <!-- main-panel-header rounded-window-top -->
            <div class="main-panel-content rounded-window-bottom">
              <div class="method">
                <div class="method-content">
                  <a name="feature(Delete existing Node Type Test Case)">
                  </a> <!-- feature(Delete existing Node Type Test Case) -->
                  <span class="method-name">feature</span>
                  <span class="parameters">(Delete existing Node Type Test Case)</span>
                  <em>
(Runs Cucumber Feature)                  </em>
                </div> <!-- method-content -->
              </div> <!-- method -->
            </div> <!-- main-panel-content rounded-window-bottom -->
          </div> <!-- suite-Pre-Cofig_Test_Suite-class-passed -->
          <div class="suite-Pre-Cofig_Test_Suite-class-passed">
            <div class="main-panel-header rounded-window-top">
              <img src="passed.png"/>
              <span class="class-name">testrunners.AddNewAttributeTestCase</span>
            </div> <!-- main-panel-header rounded-window-top -->
            <div class="main-panel-content rounded-window-bottom">
              <div class="method">
                <div class="method-content">
                  <a name="feature(Add New Attribute Test Case)">
                  </a> <!-- feature(Add New Attribute Test Case) -->
                  <span class="method-name">feature</span>
                  <span class="parameters">(Add New Attribute Test Case)</span>
                  <em>
(Runs Cucumber Feature)                  </em>
                </div> <!-- method-content -->
              </div> <!-- method -->
            </div> <!-- main-panel-content rounded-window-bottom -->
          </div> <!-- suite-Pre-Cofig_Test_Suite-class-passed -->
          <div class="suite-Pre-Cofig_Test_Suite-class-passed">
            <div class="main-panel-header rounded-window-top">
              <img src="passed.png"/>
              <span class="class-name">testrunners.AddNewVerticalTestCase</span>
            </div> <!-- main-panel-header rounded-window-top -->
            <div class="main-panel-content rounded-window-bottom">
              <div class="method">
                <div class="method-content">
                  <a name="feature(Add new Vertical Test Case)">
                  </a> <!-- feature(Add new Vertical Test Case) -->
                  <span class="method-name">feature</span>
                  <span class="parameters">(Add new Vertical Test Case)</span>
                  <em>
(Runs Cucumber Feature)                  </em>
                </div> <!-- method-content -->
              </div> <!-- method -->
            </div> <!-- main-panel-content rounded-window-bottom -->
          </div> <!-- suite-Pre-Cofig_Test_Suite-class-passed -->
          <div class="suite-Pre-Cofig_Test_Suite-class-passed">
            <div class="main-panel-header rounded-window-top">
              <img src="passed.png"/>
              <span class="class-name">testrunners.AddNewNodeTypeTestCase</span>
            </div> <!-- main-panel-header rounded-window-top -->
            <div class="main-panel-content rounded-window-bottom">
              <div class="method">
                <div class="method-content">
                  <a name="feature(Add new Node Type Test Case)">
                  </a> <!-- feature(Add new Node Type Test Case) -->
                  <span class="method-name">feature</span>
                  <span class="parameters">(Add new Node Type Test Case)</span>
                  <em>
(Runs Cucumber Feature)                  </em>
                </div> <!-- method-content -->
              </div> <!-- method -->
            </div> <!-- main-panel-content rounded-window-bottom -->
          </div> <!-- suite-Pre-Cofig_Test_Suite-class-passed -->
          <div class="suite-Pre-Cofig_Test_Suite-class-passed">
            <div class="main-panel-header rounded-window-top">
              <img src="passed.png"/>
              <span class="class-name">testrunners.EditNodeTypeTestcase</span>
            </div> <!-- main-panel-header rounded-window-top -->
            <div class="main-panel-content rounded-window-bottom">
              <div class="method">
                <div class="method-content">
                  <a name="feature(Edit existing Node Type Test Case)">
                  </a> <!-- feature(Edit existing Node Type Test Case) -->
                  <span class="method-name">feature</span>
                  <span class="parameters">(Edit existing Node Type Test Case)</span>
                  <em>
(Runs Cucumber Feature)                  </em>
                </div> <!-- method-content -->
              </div> <!-- method -->
            </div> <!-- main-panel-content rounded-window-bottom -->
          </div> <!-- suite-Pre-Cofig_Test_Suite-class-passed -->
          <div class="suite-Pre-Cofig_Test_Suite-class-passed">
            <div class="main-panel-header rounded-window-top">
              <img src="passed.png"/>
              <span class="class-name">testrunners.DeleteAttributeTestCase</span>
            </div> <!-- main-panel-header rounded-window-top -->
            <div class="main-panel-content rounded-window-bottom">
              <div class="method">
                <div class="method-content">
                  <a name="feature(Delete existing Attribute Test Case)">
                  </a> <!-- feature(Delete existing Attribute Test Case) -->
                  <span class="method-name">feature</span>
                  <span class="parameters">(Delete existing Attribute Test Case)</span>
                  <em>
(Runs Cucumber Feature)                  </em>
                </div> <!-- method-content -->
              </div> <!-- method -->
            </div> <!-- main-panel-content rounded-window-bottom -->
          </div> <!-- suite-Pre-Cofig_Test_Suite-class-passed -->
          <div class="suite-Pre-Cofig_Test_Suite-class-passed">
            <div class="main-panel-header rounded-window-top">
              <img src="passed.png"/>
              <span class="class-name">testrunners.DeleteFunctionTestCase</span>
            </div> <!-- main-panel-header rounded-window-top -->
            <div class="main-panel-content rounded-window-bottom">
              <div class="method">
                <div class="method-content">
                  <a name="feature(Delete existing Function Test Case)">
                  </a> <!-- feature(Delete existing Function Test Case) -->
                  <span class="method-name">feature</span>
                  <span class="parameters">(Delete existing Function Test Case)</span>
                  <em>
(Runs Cucumber Feature)                  </em>
                </div> <!-- method-content -->
              </div> <!-- method -->
            </div> <!-- main-panel-content rounded-window-bottom -->
          </div> <!-- suite-Pre-Cofig_Test_Suite-class-passed -->
          <div class="suite-Pre-Cofig_Test_Suite-class-passed">
            <div class="main-panel-header rounded-window-top">
              <img src="passed.png"/>
              <span class="class-name">testrunners.AddNewFunctionTestCase</span>
            </div> <!-- main-panel-header rounded-window-top -->
            <div class="main-panel-content rounded-window-bottom">
              <div class="method">
                <div class="method-content">
                  <a name="feature(Add new Function Test Case)">
                  </a> <!-- feature(Add new Function Test Case) -->
                  <span class="method-name">feature</span>
                  <span class="parameters">(Add new Function Test Case)</span>
                  <em>
(Runs Cucumber Feature)                  </em>
                </div> <!-- method-content -->
              </div> <!-- method -->
            </div> <!-- main-panel-content rounded-window-bottom -->
          </div> <!-- suite-Pre-Cofig_Test_Suite-class-passed -->
          <div class="suite-Pre-Cofig_Test_Suite-class-passed">
            <div class="main-panel-header rounded-window-top">
              <img src="passed.png"/>
              <span class="class-name">testrunners.EditAttributeTestCase</span>
            </div> <!-- main-panel-header rounded-window-top -->
            <div class="main-panel-content rounded-window-bottom">
              <div class="method">
                <div class="method-content">
                  <a name="feature(Edit Existing Attribute Test Case)">
                  </a> <!-- feature(Edit Existing Attribute Test Case) -->
                  <span class="method-name">feature</span>
                  <span class="parameters">(Edit Existing Attribute Test Case)</span>
                  <em>
(Runs Cucumber Feature)                  </em>
                </div> <!-- method-content -->
              </div> <!-- method -->
            </div> <!-- main-panel-content rounded-window-bottom -->
          </div> <!-- suite-Pre-Cofig_Test_Suite-class-passed -->
          <div class="suite-Pre-Cofig_Test_Suite-class-passed">
            <div class="main-panel-header rounded-window-top">
              <img src="passed.png"/>
              <span class="class-name">testrunners.LinkFunctionToVertical</span>
            </div> <!-- main-panel-header rounded-window-top -->
            <div class="main-panel-content rounded-window-bottom">
              <div class="method">
                <div class="method-content">
                  <a name="feature(Add Function to Vertical Test Case)">
                  </a> <!-- feature(Add Function to Vertical Test Case) -->
                  <span class="method-name">feature</span>
                  <span class="parameters">(Add Function to Vertical Test Case)</span>
                  <em>
(Runs Cucumber Feature)                  </em>
                </div> <!-- method-content -->
              </div> <!-- method -->
            </div> <!-- main-panel-content rounded-window-bottom -->
          </div> <!-- suite-Pre-Cofig_Test_Suite-class-passed -->
        </div> <!-- panel Pre-Cofig_Test_Suite -->
        <div panel-name="test-xml-Pre-Cofig_Test_Suite" class="panel">
          <div class="main-panel-header rounded-window-top">
            <span class="header-content">C:\Selenium\PreConfig\testsuite.xml</span>
          </div> <!-- main-panel-header rounded-window-top -->
          <div class="main-panel-content rounded-window-bottom">
            <pre>
&lt;?xml version=&quot;1.0&quot; encoding=&quot;UTF-8&quot;?&gt;
&lt;!DOCTYPE suite SYSTEM &quot;http://testng.org/testng-1.0.dtd&quot;&gt;
&lt;suite guice-stage=&quot;DEVELOPMENT&quot; name=&quot;Pre-Cofig Test Suite&quot;&gt;
  &lt;test name=&quot;Login Test Case&quot;&gt;
    &lt;classes&gt;
      &lt;class name=&quot;testrunners.LoginTestCase&quot;/&gt;
    &lt;/classes&gt;
  &lt;/test&gt; &lt;!-- Login Test Case --&gt;
  &lt;test name=&quot;Create Vertical Test Case&quot;&gt;
    &lt;classes&gt;
      &lt;class name=&quot;testrunners.AddNewVerticalTestCase&quot;/&gt;
    &lt;/classes&gt;
  &lt;/test&gt; &lt;!-- Create Vertical Test Case --&gt;
  &lt;test name=&quot;Edit existing Vertical Test Case&quot;&gt;
    &lt;classes&gt;
      &lt;class name=&quot;testrunners.EditVerticalTestCase&quot;/&gt;
    &lt;/classes&gt;
  &lt;/test&gt; &lt;!-- Edit existing Vertical Test Case --&gt;
  &lt;test name=&quot;Delete existing Vertical Test Case&quot;&gt;
    &lt;classes&gt;
      &lt;class name=&quot;testrunners.DeleteVerticalTestCase&quot;/&gt;
    &lt;/classes&gt;
  &lt;/test&gt; &lt;!-- Delete existing Vertical Test Case --&gt;
  &lt;test name=&quot;Create new Function Test Case&quot;&gt;
    &lt;classes&gt;
      &lt;class name=&quot;testrunners.AddNewFunctionTestCase&quot;/&gt;
    &lt;/classes&gt;
  &lt;/test&gt; &lt;!-- Create new Function Test Case --&gt;
  &lt;test name=&quot;Edit existing Function Test Case&quot;&gt;
    &lt;classes&gt;
      &lt;class name=&quot;testrunners.EditFunctionTestCase&quot;/&gt;
    &lt;/classes&gt;
  &lt;/test&gt; &lt;!-- Edit existing Function Test Case --&gt;
  &lt;test name=&quot;Delete existing Function Test Case&quot;&gt;
    &lt;classes&gt;
      &lt;class name=&quot;testrunners.DeleteFunctionTestCase&quot;/&gt;
    &lt;/classes&gt;
  &lt;/test&gt; &lt;!-- Delete existing Function Test Case --&gt;
  &lt;test name=&quot;Add Function to vertical Test Case&quot;&gt;
    &lt;classes&gt;
      &lt;class name=&quot;testrunners.LinkFunctionToVertical&quot;/&gt;
    &lt;/classes&gt;
  &lt;/test&gt; &lt;!-- Add Function to vertical Test Case --&gt;
  &lt;test name=&quot;Create new Node Type Test Case&quot;&gt;
    &lt;classes&gt;
      &lt;class name=&quot;testrunners.AddNewNodeTypeTestCase&quot;/&gt;
    &lt;/classes&gt;
  &lt;/test&gt; &lt;!-- Create new Node Type Test Case --&gt;
  &lt;test name=&quot;Edit existing Node Type Test Case&quot;&gt;
    &lt;classes&gt;
      &lt;class name=&quot;testrunners.EditNodeTypeTestcase&quot;/&gt;
    &lt;/classes&gt;
  &lt;/test&gt; &lt;!-- Edit existing Node Type Test Case --&gt;
  &lt;test name=&quot;Delete existing Node Type Test Case&quot;&gt;
    &lt;classes&gt;
      &lt;class name=&quot;testrunners.DeleteNodeTypeTestCase&quot;/&gt;
    &lt;/classes&gt;
  &lt;/test&gt; &lt;!-- Delete existing Node Type Test Case --&gt;
  &lt;test name=&quot;Creat New Attribute Test Case&quot;&gt;
    &lt;classes&gt;
      &lt;class name=&quot;testrunners.AddNewAttributeTestCase&quot;/&gt;
    &lt;/classes&gt;
  &lt;/test&gt; &lt;!-- Creat New Attribute Test Case --&gt;
  &lt;test name=&quot;Edit existing Attribute Test Case&quot;&gt;
    &lt;classes&gt;
      &lt;class name=&quot;testrunners.EditAttributeTestCase&quot;/&gt;
    &lt;/classes&gt;
  &lt;/test&gt; &lt;!-- Edit existing Attribute Test Case --&gt;
  &lt;test name=&quot;Delete existing Attribute Test Case&quot;&gt;
    &lt;classes&gt;
      &lt;class name=&quot;testrunners.DeleteAttributeTestCase&quot;/&gt;
    &lt;/classes&gt;
  &lt;/test&gt; &lt;!-- Delete existing Attribute Test Case --&gt;
  &lt;test name=&quot;Creat New Attribute Group Test Case&quot;&gt;
    &lt;classes&gt;
      &lt;class name=&quot;testrunners.AddNewAttributeGroupTestCase&quot;/&gt;
    &lt;/classes&gt;
  &lt;/test&gt; &lt;!-- Creat New Attribute Group Test Case --&gt;
  &lt;test name=&quot;Edit existing Attribute Group Test Case&quot;&gt;
    &lt;classes&gt;
      &lt;class name=&quot;testrunners.EditAttributeGroupTestCase&quot;/&gt;
    &lt;/classes&gt;
  &lt;/test&gt; &lt;!-- Edit existing Attribute Group Test Case --&gt;
  &lt;test name=&quot;Delete existing Attribute Group Test Case&quot;&gt;
    &lt;classes&gt;
      &lt;class name=&quot;testrunners.DeleteAttributeGroupTestCase&quot;/&gt;
    &lt;/classes&gt;
  &lt;/test&gt; &lt;!-- Delete existing Attribute Group Test Case --&gt;
&lt;/suite&gt; &lt;!-- Pre-Cofig Test Suite --&gt;
            </pre>
          </div> <!-- main-panel-content rounded-window-bottom -->
        </div> <!-- panel -->
        <div panel-name="testlist-Pre-Cofig_Test_Suite" class="panel">
          <div class="main-panel-header rounded-window-top">
            <span class="header-content">Tests for Pre-Cofig Test Suite</span>
          </div> <!-- main-panel-header rounded-window-top -->
          <div class="main-panel-content rounded-window-bottom">
            <ul>
              <li>
                <span class="test-name">Login Test Case (1 class)</span>
              </li>
              <li>
                <span class="test-name">Create Vertical Test Case (1 class)</span>
              </li>
              <li>
                <span class="test-name">Edit existing Vertical Test Case (1 class)</span>
              </li>
              <li>
                <span class="test-name">Delete existing Vertical Test Case (1 class)</span>
              </li>
              <li>
                <span class="test-name">Create new Function Test Case (1 class)</span>
              </li>
              <li>
                <span class="test-name">Edit existing Function Test Case (1 class)</span>
              </li>
              <li>
                <span class="test-name">Delete existing Function Test Case (1 class)</span>
              </li>
              <li>
                <span class="test-name">Add Function to vertical Test Case (1 class)</span>
              </li>
              <li>
                <span class="test-name">Create new Node Type Test Case (1 class)</span>
              </li>
              <li>
                <span class="test-name">Edit existing Node Type Test Case (1 class)</span>
              </li>
              <li>
                <span class="test-name">Delete existing Node Type Test Case (1 class)</span>
              </li>
              <li>
                <span class="test-name">Creat New Attribute Test Case (1 class)</span>
              </li>
              <li>
                <span class="test-name">Edit existing Attribute Test Case (1 class)</span>
              </li>
              <li>
                <span class="test-name">Delete existing Attribute Test Case (1 class)</span>
              </li>
              <li>
                <span class="test-name">Creat New Attribute Group Test Case (1 class)</span>
              </li>
              <li>
                <span class="test-name">Edit existing Attribute Group Test Case (1 class)</span>
              </li>
              <li>
                <span class="test-name">Delete existing Attribute Group Test Case (1 class)</span>
              </li>
            </ul>
          </div> <!-- main-panel-content rounded-window-bottom -->
        </div> <!-- panel -->
        <div panel-name="group-Pre-Cofig_Test_Suite" class="panel">
          <div class="main-panel-header rounded-window-top">
            <span class="header-content">Groups for Pre-Cofig Test Suite</span>
          </div> <!-- main-panel-header rounded-window-top -->
          <div class="main-panel-content rounded-window-bottom">
            <div class="test-group">
              <span class="test-group-name">cucumber</span>
              <br/>
              <div class="method-in-group">
                <span class="method-in-group-name">feature</span>
                <br/>
              </div> <!-- method-in-group -->
            </div> <!-- test-group -->
          </div> <!-- main-panel-content rounded-window-bottom -->
        </div> <!-- panel -->
        <div panel-name="times-Pre-Cofig_Test_Suite" class="panel">
          <div class="main-panel-header rounded-window-top">
            <span class="header-content">Times for Pre-Cofig Test Suite</span>
          </div> <!-- main-panel-header rounded-window-top -->
          <div class="main-panel-content rounded-window-bottom">
            <div class="times-div">
              <script type="text/javascript">
suiteTableInitFunctions.push('tableData_Pre-Cofig_Test_Suite');
function tableData_Pre-Cofig_Test_Suite() {
var data = new google.visualization.DataTable();
data.addColumn('number', 'Number');
data.addColumn('string', 'Method');
data.addColumn('string', 'Class');
data.addColumn('number', 'Time (ms)');
data.addRows(17);
data.setCell(0, 0, 0)
data.setCell(0, 1, 'feature')
data.setCell(0, 2, 'testrunners.EditAttributeTestCase')
data.setCell(0, 3, 70578);
data.setCell(1, 0, 1)
data.setCell(1, 1, 'feature')
data.setCell(1, 2, 'testrunners.AddNewAttributeGroupTestCase')
data.setCell(1, 3, 66043);
data.setCell(2, 0, 2)
data.setCell(2, 1, 'feature')
data.setCell(2, 2, 'testrunners.EditVerticalTestCase')
data.setCell(2, 3, 61668);
data.setCell(3, 0, 3)
data.setCell(3, 1, 'feature')
data.setCell(3, 2, 'testrunners.EditNodeTypeTestcase')
data.setCell(3, 3, 58115);
data.setCell(4, 0, 4)
data.setCell(4, 1, 'feature')
data.setCell(4, 2, 'testrunners.EditFunctionTestCase')
data.setCell(4, 3, 57721);
data.setCell(5, 0, 5)
data.setCell(5, 1, 'feature')
data.setCell(5, 2, 'testrunners.AddNewAttributeTestCase')
data.setCell(5, 3, 54443);
data.setCell(6, 0, 6)
data.setCell(6, 1, 'feature')
data.setCell(6, 2, 'testrunners.LinkFunctionToVertical')
data.setCell(6, 3, 52865);
data.setCell(7, 0, 7)
data.setCell(7, 1, 'feature')
data.setCell(7, 2, 'testrunners.AddNewVerticalTestCase')
data.setCell(7, 3, 52435);
data.setCell(8, 0, 8)
data.setCell(8, 1, 'feature')
data.setCell(8, 2, 'testrunners.EditAttributeGroupTestCase')
data.setCell(8, 3, 46691);
data.setCell(9, 0, 9)
data.setCell(9, 1, 'feature')
data.setCell(9, 2, 'testrunners.DeleteAttributeGroupTestCase')
data.setCell(9, 3, 46067);
data.setCell(10, 0, 10)
data.setCell(10, 1, 'feature')
data.setCell(10, 2, 'testrunners.DeleteAttributeTestCase')
data.setCell(10, 3, 44875);
data.setCell(11, 0, 11)
data.setCell(11, 1, 'feature')
data.setCell(11, 2, 'testrunners.DeleteNodeTypeTestCase')
data.setCell(11, 3, 43652);
data.setCell(12, 0, 12)
data.setCell(12, 1, 'feature')
data.setCell(12, 2, 'testrunners.DeleteFunctionTestCase')
data.setCell(12, 3, 42403);
data.setCell(13, 0, 13)
data.setCell(13, 1, 'feature')
data.setCell(13, 2, 'testrunners.AddNewFunctionTestCase')
data.setCell(13, 3, 41102);
data.setCell(14, 0, 14)
data.setCell(14, 1, 'feature')
data.setCell(14, 2, 'testrunners.AddNewNodeTypeTestCase')
data.setCell(14, 3, 39972);
data.setCell(15, 0, 15)
data.setCell(15, 1, 'feature')
data.setCell(15, 2, 'testrunners.LoginTestCase')
data.setCell(15, 3, 17290);
data.setCell(16, 0, 16)
data.setCell(16, 1, 'feature')
data.setCell(16, 2, 'testrunners.DeleteVerticalTestCase')
data.setCell(16, 3, 12941);
window.suiteTableData['Pre-Cofig_Test_Suite']= { tableData: data, tableDiv: 'times-div-Pre-Cofig_Test_Suite'}
return data;
}
              </script>
              <span class="suite-total-time">Total running time: 13 minutes</span>
              <div id="times-div-Pre-Cofig_Test_Suite">
              </div> <!-- times-div-Pre-Cofig_Test_Suite -->
            </div> <!-- times-div -->
          </div> <!-- main-panel-content rounded-window-bottom -->
        </div> <!-- panel -->
        <div panel-name="reporter-Pre-Cofig_Test_Suite" class="panel">
          <div class="main-panel-header rounded-window-top">
            <span class="header-content">Reporter output for Pre-Cofig Test Suite</span>
          </div> <!-- main-panel-header rounded-window-top -->
          <div class="main-panel-content rounded-window-bottom">
          </div> <!-- main-panel-content rounded-window-bottom -->
        </div> <!-- panel -->
        <div panel-name="ignored-methods-Pre-Cofig_Test_Suite" class="panel">
          <div class="main-panel-header rounded-window-top">
            <span class="header-content">0 ignored methods</span>
          </div> <!-- main-panel-header rounded-window-top -->
          <div class="main-panel-content rounded-window-bottom">
          </div> <!-- main-panel-content rounded-window-bottom -->
        </div> <!-- panel -->
        <div panel-name="chronological-Pre-Cofig_Test_Suite" class="panel">
          <div class="main-panel-header rounded-window-top">
            <span class="header-content">Methods in chronological order</span>
          </div> <!-- main-panel-header rounded-window-top -->
          <div class="main-panel-content rounded-window-bottom">
            <div class="chronological-class">
              <div class="chronological-class-name">testrunners.LoginTestCase</div> <!-- chronological-class-name -->
              <div class="configuration-class before">
                <span class="method-name">setUpClass</span>
                <span class="method-start">0 ms</span>
              </div> <!-- configuration-class before -->
              <div class="test-method">
                <span class="method-name">feature(Login Test Case)</span>
                <span class="method-start">246 ms</span>
              </div> <!-- test-method -->
              <div class="configuration-class after">
                <span class="method-name">tearDownClass</span>
                <span class="method-start">17537 ms</span>
              </div> <!-- configuration-class after -->
            </div> <!-- chronological-class -->
            <div class="chronological-class">
              <div class="chronological-class-name">testrunners.AddNewVerticalTestCase</div> <!-- chronological-class-name -->
              <div class="configuration-class before">
                <span class="method-name">setUpClass</span>
                <span class="method-start">18124 ms</span>
              </div> <!-- configuration-class before -->
              <div class="test-method">
                <span class="method-name">feature(Add new Vertical Test Case)</span>
                <span class="method-start">18166 ms</span>
              </div> <!-- test-method -->
              <div class="configuration-class after">
                <span class="method-name">tearDownClass</span>
                <span class="method-start">70603 ms</span>
              </div> <!-- configuration-class after -->
            </div> <!-- chronological-class -->
            <div class="chronological-class">
              <div class="chronological-class-name">testrunners.EditVerticalTestCase</div> <!-- chronological-class-name -->
              <div class="configuration-class before">
                <span class="method-name">setUpClass</span>
                <span class="method-start">70673 ms</span>
              </div> <!-- configuration-class before -->
              <div class="test-method">
                <img src="failed.png">
                </img>
                <span class="method-name">feature(Edit existing Vertical Test Case)</span>
                <span class="method-start">70692 ms</span>
              </div> <!-- test-method -->
              <div class="configuration-class after">
                <span class="method-name">tearDownClass</span>
                <span class="method-start">132363 ms</span>
              </div> <!-- configuration-class after -->
            </div> <!-- chronological-class -->
            <div class="chronological-class">
              <div class="chronological-class-name">testrunners.DeleteVerticalTestCase</div> <!-- chronological-class-name -->
              <div class="configuration-class before">
                <span class="method-name">setUpClass</span>
                <span class="method-start">132410 ms</span>
              </div> <!-- configuration-class before -->
              <div class="test-method">
                <img src="failed.png">
                </img>
                <span class="method-name">feature(Delete existing Vertical Test Case)</span>
                <span class="method-start">132427 ms</span>
              </div> <!-- test-method -->
              <div class="configuration-class after">
                <span class="method-name">tearDownClass</span>
                <span class="method-start">145370 ms</span>
              </div> <!-- configuration-class after -->
            </div> <!-- chronological-class -->
            <div class="chronological-class">
              <div class="chronological-class-name">testrunners.AddNewFunctionTestCase</div> <!-- chronological-class-name -->
              <div class="configuration-class before">
                <span class="method-name">setUpClass</span>
                <span class="method-start">145409 ms</span>
              </div> <!-- configuration-class before -->
              <div class="test-method">
                <span class="method-name">feature(Add new Function Test Case)</span>
                <span class="method-start">145418 ms</span>
              </div> <!-- test-method -->
              <div class="configuration-class after">
                <span class="method-name">tearDownClass</span>
                <span class="method-start">186522 ms</span>
              </div> <!-- configuration-class after -->
            </div> <!-- chronological-class -->
            <div class="chronological-class">
              <div class="chronological-class-name">testrunners.EditFunctionTestCase</div> <!-- chronological-class-name -->
              <div class="configuration-class before">
                <span class="method-name">setUpClass</span>
                <span class="method-start">186565 ms</span>
              </div> <!-- configuration-class before -->
              <div class="test-method">
                <span class="method-name">feature(Edit existing Function Test Case)</span>
                <span class="method-start">186575 ms</span>
              </div> <!-- test-method -->
              <div class="configuration-class after">
                <span class="method-name">tearDownClass</span>
                <span class="method-start">244297 ms</span>
              </div> <!-- configuration-class after -->
            </div> <!-- chronological-class -->
            <div class="chronological-class">
              <div class="chronological-class-name">testrunners.DeleteFunctionTestCase</div> <!-- chronological-class-name -->
              <div class="configuration-class before">
                <span class="method-name">setUpClass</span>
                <span class="method-start">244344 ms</span>
              </div> <!-- configuration-class before -->
              <div class="test-method">
                <span class="method-name">feature(Delete existing Function Test Case)</span>
                <span class="method-start">244353 ms</span>
              </div> <!-- test-method -->
              <div class="configuration-class after">
                <span class="method-name">tearDownClass</span>
                <span class="method-start">286759 ms</span>
              </div> <!-- configuration-class after -->
            </div> <!-- chronological-class -->
            <div class="chronological-class">
              <div class="chronological-class-name">testrunners.LinkFunctionToVertical</div> <!-- chronological-class-name -->
              <div class="configuration-class before">
                <span class="method-name">setUpClass</span>
                <span class="method-start">286814 ms</span>
              </div> <!-- configuration-class before -->
              <div class="test-method">
                <span class="method-name">feature(Add Function to Vertical Test Case)</span>
                <span class="method-start">286823 ms</span>
              </div> <!-- test-method -->
              <div class="configuration-class after">
                <span class="method-name">tearDownClass</span>
                <span class="method-start">339690 ms</span>
              </div> <!-- configuration-class after -->
            </div> <!-- chronological-class -->
            <div class="chronological-class">
              <div class="chronological-class-name">testrunners.AddNewNodeTypeTestCase</div> <!-- chronological-class-name -->
              <div class="configuration-class before">
                <span class="method-name">setUpClass</span>
                <span class="method-start">339737 ms</span>
              </div> <!-- configuration-class before -->
              <div class="test-method">
                <span class="method-name">feature(Add new Node Type Test Case)</span>
                <span class="method-start">339748 ms</span>
              </div> <!-- test-method -->
              <div class="configuration-class after">
                <span class="method-name">tearDownClass</span>
                <span class="method-start">379721 ms</span>
              </div> <!-- configuration-class after -->
            </div> <!-- chronological-class -->
            <div class="chronological-class">
              <div class="chronological-class-name">testrunners.EditNodeTypeTestcase</div> <!-- chronological-class-name -->
              <div class="configuration-class before">
                <span class="method-name">setUpClass</span>
                <span class="method-start">379763 ms</span>
              </div> <!-- configuration-class before -->
              <div class="test-method">
                <span class="method-name">feature(Edit existing Node Type Test Case)</span>
                <span class="method-start">379774 ms</span>
              </div> <!-- test-method -->
              <div class="configuration-class after">
                <span class="method-name">tearDownClass</span>
                <span class="method-start">437889 ms</span>
              </div> <!-- configuration-class after -->
            </div> <!-- chronological-class -->
            <div class="chronological-class">
              <div class="chronological-class-name">testrunners.DeleteNodeTypeTestCase</div> <!-- chronological-class-name -->
              <div class="configuration-class before">
                <span class="method-name">setUpClass</span>
                <span class="method-start">437925 ms</span>
              </div> <!-- configuration-class before -->
              <div class="test-method">
                <span class="method-name">feature(Delete existing Node Type Test Case)</span>
                <span class="method-start">437936 ms</span>
              </div> <!-- test-method -->
              <div class="configuration-class after">
                <span class="method-name">tearDownClass</span>
                <span class="method-start">481589 ms</span>
              </div> <!-- configuration-class after -->
            </div> <!-- chronological-class -->
            <div class="chronological-class">
              <div class="chronological-class-name">testrunners.AddNewAttributeTestCase</div> <!-- chronological-class-name -->
              <div class="configuration-class before">
                <span class="method-name">setUpClass</span>
                <span class="method-start">481626 ms</span>
              </div> <!-- configuration-class before -->
              <div class="test-method">
                <span class="method-name">feature(Add New Attribute Test Case)</span>
                <span class="method-start">481638 ms</span>
              </div> <!-- test-method -->
              <div class="configuration-class after">
                <span class="method-name">tearDownClass</span>
                <span class="method-start">536082 ms</span>
              </div> <!-- configuration-class after -->
            </div> <!-- chronological-class -->
            <div class="chronological-class">
              <div class="chronological-class-name">testrunners.EditAttributeTestCase</div> <!-- chronological-class-name -->
              <div class="configuration-class before">
                <span class="method-name">setUpClass</span>
                <span class="method-start">536163 ms</span>
              </div> <!-- configuration-class before -->
              <div class="test-method">
                <span class="method-name">feature(Edit Existing Attribute Test Case)</span>
                <span class="method-start">536168 ms</span>
              </div> <!-- test-method -->
              <div class="configuration-class after">
                <span class="method-name">tearDownClass</span>
                <span class="method-start">606747 ms</span>
              </div> <!-- configuration-class after -->
            </div> <!-- chronological-class -->
            <div class="chronological-class">
              <div class="chronological-class-name">testrunners.DeleteAttributeTestCase</div> <!-- chronological-class-name -->
              <div class="configuration-class before">
                <span class="method-name">setUpClass</span>
                <span class="method-start">606797 ms</span>
              </div> <!-- configuration-class before -->
              <div class="test-method">
                <span class="method-name">feature(Delete existing Attribute Test Case)</span>
                <span class="method-start">606814 ms</span>
              </div> <!-- test-method -->
              <div class="configuration-class after">
                <span class="method-name">tearDownClass</span>
                <span class="method-start">651689 ms</span>
              </div> <!-- configuration-class after -->
            </div> <!-- chronological-class -->
            <div class="chronological-class">
              <div class="chronological-class-name">testrunners.AddNewAttributeGroupTestCase</div> <!-- chronological-class-name -->
              <div class="configuration-class before">
                <span class="method-name">setUpClass</span>
                <span class="method-start">651734 ms</span>
              </div> <!-- configuration-class before -->
              <div class="test-method">
                <img src="failed.png">
                </img>
                <span class="method-name">feature(Add New Attribute Group Test Case)</span>
                <span class="method-start">651745 ms</span>
              </div> <!-- test-method -->
              <div class="configuration-class after">
                <span class="method-name">tearDownClass</span>
                <span class="method-start">717790 ms</span>
              </div> <!-- configuration-class after -->
            </div> <!-- chronological-class -->
            <div class="chronological-class">
              <div class="chronological-class-name">testrunners.EditAttributeGroupTestCase</div> <!-- chronological-class-name -->
              <div class="configuration-class before">
                <span class="method-name">setUpClass</span>
                <span class="method-start">717841 ms</span>
              </div> <!-- configuration-class before -->
              <div class="test-method">
                <img src="failed.png">
                </img>
                <span class="method-name">feature(Edit Existing Attribute Group Test Case)</span>
                <span class="method-start">717850 ms</span>
              </div> <!-- test-method -->
              <div class="configuration-class after">
                <span class="method-name">tearDownClass</span>
                <span class="method-start">764544 ms</span>
              </div> <!-- configuration-class after -->
            </div> <!-- chronological-class -->
            <div class="chronological-class">
              <div class="chronological-class-name">testrunners.DeleteAttributeGroupTestCase</div> <!-- chronological-class-name -->
              <div class="configuration-class before">
                <span class="method-name">setUpClass</span>
                <span class="method-start">764594 ms</span>
              </div> <!-- configuration-class before -->
              <div class="test-method">
                <img src="failed.png">
                </img>
                <span class="method-name">feature(Delete Existing Attribute Group Test Case)</span>
                <span class="method-start">764601 ms</span>
              </div> <!-- test-method -->
              <div class="configuration-class after">
                <span class="method-name">tearDownClass</span>
                <span class="method-start">810669 ms</span>
              </div> <!-- configuration-class after -->
          </div> <!-- main-panel-content rounded-window-bottom -->
        </div> <!-- panel -->
      </div> <!-- main-panel-root -->
    </div> <!-- wrapper -->
  </body>
</html>
