<?xml version="1.0" encoding="UTF-8"?>
<testng-results skipped="0" failed="5" ignored="0" total="17" passed="12">
  <reporter-output>
  </reporter-output>
  <suite name="Pre-Cofig Test Suite" duration-ms="810715" started-at="2023-02-07T13:39:03Z" finished-at="2023-02-07T13:52:33Z">
    <groups>
      <group name="cucumber">
        <method signature="AbstractTestNGCucumberTests.feature(cucumber.api.testng.CucumberFeatureWrapper)[pri:0, instance:testrunners.LoginTestCase@239963d8]" name="feature" class="cucumber.api.testng.AbstractTestNGCucumberTests"/>
        <method signature="AbstractTestNGCucumberTests.feature(cucumber.api.testng.CucumberFeatureWrapper)[pri:0, instance:testrunners.AddNewVerticalTestCase@6e1567f1]" name="feature" class="cucumber.api.testng.AbstractTestNGCucumberTests"/>
        <method signature="AbstractTestNGCucumberTests.feature(cucumber.api.testng.CucumberFeatureWrapper)[pri:0, instance:testrunners.EditVerticalTestCase@25bbe1b6]" name="feature" class="cucumber.api.testng.AbstractTestNGCucumberTests"/>
        <method signature="AbstractTestNGCucumberTests.feature(cucumber.api.testng.CucumberFeatureWrapper)[pri:0, instance:testrunners.DeleteVerticalTestCase@5649fd9b]" name="feature" class="cucumber.api.testng.AbstractTestNGCucumberTests"/>
        <method signature="AbstractTestNGCucumberTests.feature(cucumber.api.testng.CucumberFeatureWrapper)[pri:0, instance:testrunners.AddNewFunctionTestCase@64bf3bbf]" name="feature" class="cucumber.api.testng.AbstractTestNGCucumberTests"/>
        <method signature="AbstractTestNGCucumberTests.feature(cucumber.api.testng.CucumberFeatureWrapper)[pri:0, instance:testrunners.EditFunctionTestCase@1e127982]" name="feature" class="cucumber.api.testng.AbstractTestNGCucumberTests"/>
        <method signature="AbstractTestNGCucumberTests.feature(cucumber.api.testng.CucumberFeatureWrapper)[pri:0, instance:testrunners.DeleteFunctionTestCase@21213b92]" name="feature" class="cucumber.api.testng.AbstractTestNGCucumberTests"/>
        <method signature="AbstractTestNGCucumberTests.feature(cucumber.api.testng.CucumberFeatureWrapper)[pri:0, instance:testrunners.LinkFunctionToVertical@5ec0a365]" name="feature" class="cucumber.api.testng.AbstractTestNGCucumberTests"/>
        <method signature="AbstractTestNGCucumberTests.feature(cucumber.api.testng.CucumberFeatureWrapper)[pri:0, instance:testrunners.AddNewNodeTypeTestCase@3632be31]" name="feature" class="cucumber.api.testng.AbstractTestNGCucumberTests"/>
        <method signature="AbstractTestNGCucumberTests.feature(cucumber.api.testng.CucumberFeatureWrapper)[pri:0, instance:testrunners.EditNodeTypeTestcase@370736d9]" name="feature" class="cucumber.api.testng.AbstractTestNGCucumberTests"/>
        <method signature="AbstractTestNGCucumberTests.feature(cucumber.api.testng.CucumberFeatureWrapper)[pri:0, instance:testrunners.DeleteNodeTypeTestCase@6c3708b3]" name="feature" class="cucumber.api.testng.AbstractTestNGCucumberTests"/>
        <method signature="AbstractTestNGCucumberTests.feature(cucumber.api.testng.CucumberFeatureWrapper)[pri:0, instance:testrunners.AddNewAttributeTestCase@6ddf90b0]" name="feature" class="cucumber.api.testng.AbstractTestNGCucumberTests"/>
        <method signature="AbstractTestNGCucumberTests.feature(cucumber.api.testng.CucumberFeatureWrapper)[pri:0, instance:testrunners.EditAttributeTestCase@7d907bac]" name="feature" class="cucumber.api.testng.AbstractTestNGCucumberTests"/>
        <method signature="AbstractTestNGCucumberTests.feature(cucumber.api.testng.CucumberFeatureWrapper)[pri:0, instance:testrunners.DeleteAttributeTestCase@4f970963]" name="feature" class="cucumber.api.testng.AbstractTestNGCucumberTests"/>
        <method signature="AbstractTestNGCucumberTests.feature(cucumber.api.testng.CucumberFeatureWrapper)[pri:0, instance:testrunners.AddNewAttributeGroupTestCase@47ef968d]" name="feature" class="cucumber.api.testng.AbstractTestNGCucumberTests"/>
        <method signature="AbstractTestNGCucumberTests.feature(cucumber.api.testng.CucumberFeatureWrapper)[pri:0, instance:testrunners.EditAttributeGroupTestCase@2b552920]" name="feature" class="cucumber.api.testng.AbstractTestNGCucumberTests"/>
        <method signature="AbstractTestNGCucumberTests.feature(cucumber.api.testng.CucumberFeatureWrapper)[pri:0, instance:testrunners.DeleteAttributeGroupTestCase@6e6c3152]" name="feature" class="cucumber.api.testng.AbstractTestNGCucumberTests"/>
      </group> <!-- cucumber -->
    </groups>
    <test name="Login Test Case" duration-ms="18099" started-at="2023-02-07T13:39:03Z" finished-at="2023-02-07T13:39:21Z">
      <class name="testrunners.LoginTestCase">
        <test-method status="PASS" signature="setUpClass()[pri:0, instance:testrunners.LoginTestCase@239963d8]" name="setUpClass" is-config="true" duration-ms="190" started-at="2023-02-07T19:09:03Z" finished-at="2023-02-07T19:09:03Z">
          <reporter-output>
          </reporter-output>
        </test-method> <!-- setUpClass -->
        <test-method status="PASS" signature="feature(cucumber.api.testng.CucumberFeatureWrapper)[pri:0, instance:testrunners.LoginTestCase@239963d8]" name="feature" duration-ms="17290" started-at="2023-02-07T19:09:03Z" description="Runs Cucumber Feature" data-provider="features" finished-at="2023-02-07T19:09:20Z">
          <params>
            <param index="0">
              <value>
                <![CDATA[Login Test Case]]>
              </value>
            </param>
          </params>
          <reporter-output>
          </reporter-output>
        </test-method> <!-- feature -->
        <test-method status="PASS" signature="tearDownClass()[pri:0, instance:testrunners.LoginTestCase@239963d8]" name="tearDownClass" is-config="true" duration-ms="555" started-at="2023-02-07T19:09:20Z" finished-at="2023-02-07T19:09:21Z">
          <reporter-output>
          </reporter-output>
        </test-method> <!-- tearDownClass -->
      </class> <!-- testrunners.LoginTestCase -->
    </test> <!-- Login Test Case -->
    <test name="Create Vertical Test Case" duration-ms="52545" started-at="2023-02-07T13:39:21Z" finished-at="2023-02-07T13:40:13Z">
      <class name="testrunners.AddNewVerticalTestCase">
        <test-method status="PASS" signature="setUpClass()[pri:0, instance:testrunners.AddNewVerticalTestCase@6e1567f1]" name="setUpClass" is-config="true" duration-ms="42" started-at="2023-02-07T19:09:21Z" finished-at="2023-02-07T19:09:21Z">
          <reporter-output>
          </reporter-output>
        </test-method> <!-- setUpClass -->
        <test-method status="PASS" signature="feature(cucumber.api.testng.CucumberFeatureWrapper)[pri:0, instance:testrunners.AddNewVerticalTestCase@6e1567f1]" name="feature" duration-ms="52435" started-at="2023-02-07T19:09:21Z" description="Runs Cucumber Feature" data-provider="features" finished-at="2023-02-07T19:10:13Z">
          <params>
            <param index="0">
              <value>
                <![CDATA[Add new Vertical Test Case]]>
              </value>
            </param>
          </params>
          <reporter-output>
          </reporter-output>
        </test-method> <!-- feature -->
        <test-method status="PASS" signature="tearDownClass()[pri:0, instance:testrunners.AddNewVerticalTestCase@6e1567f1]" name="tearDownClass" is-config="true" duration-ms="64" started-at="2023-02-07T19:10:13Z" finished-at="2023-02-07T19:10:13Z">
          <reporter-output>
          </reporter-output>
        </test-method> <!-- tearDownClass -->
      </class> <!-- testrunners.AddNewVerticalTestCase -->
    </test> <!-- Create Vertical Test Case -->
    <test name="Edit existing Vertical Test Case" duration-ms="61729" started-at="2023-02-07T13:40:13Z" finished-at="2023-02-07T13:41:15Z">
      <class name="testrunners.EditVerticalTestCase">
        <test-method status="PASS" signature="setUpClass()[pri:0, instance:testrunners.EditVerticalTestCase@25bbe1b6]" name="setUpClass" is-config="true" duration-ms="17" started-at="2023-02-07T19:10:13Z" finished-at="2023-02-07T19:10:13Z">
          <reporter-output>
          </reporter-output>
        </test-method> <!-- setUpClass -->
        <test-method status="FAIL" signature="feature(cucumber.api.testng.CucumberFeatureWrapper)[pri:0, instance:testrunners.EditVerticalTestCase@25bbe1b6]" name="feature" duration-ms="61668" started-at="2023-02-07T19:10:13Z" description="Runs Cucumber Feature" data-provider="features" finished-at="2023-02-07T19:11:15Z">
          <params>
            <param index="0">
              <value>
                <![CDATA[Edit existing Vertical Test Case]]>
              </value>
            </param>
          </params>
          <exception class="cucumber.runtime.CucumberException">
            <message>
              <![CDATA[java.lang.AssertionError]]>
            </message>
            <full-stacktrace>
              <![CDATA[cucumber.runtime.CucumberException: java.lang.AssertionError
	at cucumber.api.testng.TestNGCucumberRunner.runCucumber(TestNGCucumberRunner.java:69)
	at cucumber.api.testng.AbstractTestNGCucumberTests.feature(AbstractTestNGCucumberTests.java:21)
	at sun.reflect.NativeMethodAccessorImpl.invoke0(Native Method)
	at sun.reflect.NativeMethodAccessorImpl.invoke(Unknown Source)
	at sun.reflect.DelegatingMethodAccessorImpl.invoke(Unknown Source)
	at java.lang.reflect.Method.invoke(Unknown Source)
	at org.testng.internal.MethodInvocationHelper.invokeMethod(MethodInvocationHelper.java:108)
	at org.testng.internal.Invoker.invokeMethod(Invoker.java:661)
	at org.testng.internal.Invoker.invokeTestMethod(Invoker.java:869)
	at org.testng.internal.Invoker.invokeTestMethods(Invoker.java:1193)
	at org.testng.internal.TestMethodWorker.invokeTestMethods(TestMethodWorker.java:126)
	at org.testng.internal.TestMethodWorker.run(TestMethodWorker.java:109)
	at org.testng.TestRunner.privateRun(TestRunner.java:744)
	at org.testng.TestRunner.run(TestRunner.java:602)
	at org.testng.SuiteRunner.runTest(SuiteRunner.java:380)
	at org.testng.SuiteRunner.runSequentially(SuiteRunner.java:375)
	at org.testng.SuiteRunner.privateRun(SuiteRunner.java:340)
	at org.testng.SuiteRunner.run(SuiteRunner.java:289)
	at org.testng.SuiteRunnerWorker.runSuite(SuiteRunnerWorker.java:52)
	at org.testng.SuiteRunnerWorker.run(SuiteRunnerWorker.java:86)
	at org.testng.TestNG.runSuitesSequentially(TestNG.java:1301)
	at org.testng.TestNG.runSuitesLocally(TestNG.java:1226)
	at org.testng.TestNG.runSuites(TestNG.java:1144)
	at org.testng.TestNG.run(TestNG.java:1115)
	at org.testng.remote.AbstractRemoteTestNG.run(AbstractRemoteTestNG.java:132)
	at org.testng.remote.RemoteTestNG.initAndRun(RemoteTestNG.java:230)
	at org.testng.remote.RemoteTestNG.main(RemoteTestNG.java:76)
Caused by: java.lang.AssertionError
	at org.junit.Assert.fail(Assert.java:87)
	at org.junit.Assert.assertTrue(Assert.java:42)
	at org.junit.Assert.assertTrue(Assert.java:53)
	at com.qa.stepDefinitions.PreCofigLibrary.user_should_see_modified_vertical(PreCofigLibrary.java:183)
	at ✽.Then user should see modified vertical "Edit new Vertical test"(C:/Selenium/PreConfig/src/main/java/com/qa/features/editvertical.feature:23)
]]>
            </full-stacktrace>
          </exception> <!-- cucumber.runtime.CucumberException -->
          <reporter-output>
          </reporter-output>
        </test-method> <!-- feature -->
        <test-method status="PASS" signature="tearDownClass()[pri:0, instance:testrunners.EditVerticalTestCase@25bbe1b6]" name="tearDownClass" is-config="true" duration-ms="38" started-at="2023-02-07T19:11:15Z" finished-at="2023-02-07T19:11:15Z">
          <reporter-output>
          </reporter-output>
        </test-method> <!-- tearDownClass -->
      </class> <!-- testrunners.EditVerticalTestCase -->
    </test> <!-- Edit existing Vertical Test Case -->
    <test name="Delete existing Vertical Test Case" duration-ms="12994" started-at="2023-02-07T13:41:15Z" finished-at="2023-02-07T13:41:28Z">
      <class name="testrunners.DeleteVerticalTestCase">
        <test-method status="PASS" signature="setUpClass()[pri:0, instance:testrunners.DeleteVerticalTestCase@5649fd9b]" name="setUpClass" is-config="true" duration-ms="15" started-at="2023-02-07T19:11:15Z" finished-at="2023-02-07T19:11:15Z">
          <reporter-output>
          </reporter-output>
        </test-method> <!-- setUpClass -->
        <test-method status="FAIL" signature="feature(cucumber.api.testng.CucumberFeatureWrapper)[pri:0, instance:testrunners.DeleteVerticalTestCase@5649fd9b]" name="feature" duration-ms="12941" started-at="2023-02-07T19:11:15Z" description="Runs Cucumber Feature" data-provider="features" finished-at="2023-02-07T19:11:28Z">
          <params>
            <param index="0">
              <value>
                <![CDATA[Delete existing Vertical Test Case]]>
              </value>
            </param>
          </params>
          <exception class="cucumber.runtime.CucumberException">
            <message>
              <![CDATA[cucumber.runtime.CucumberException: There are undefined steps]]>
            </message>
            <full-stacktrace>
              <![CDATA[cucumber.runtime.CucumberException: cucumber.runtime.CucumberException: There are undefined steps
	at cucumber.api.testng.TestNGCucumberRunner.runCucumber(TestNGCucumberRunner.java:69)
	at cucumber.api.testng.AbstractTestNGCucumberTests.feature(AbstractTestNGCucumberTests.java:21)
	at sun.reflect.NativeMethodAccessorImpl.invoke0(Native Method)
	at sun.reflect.NativeMethodAccessorImpl.invoke(Unknown Source)
	at sun.reflect.DelegatingMethodAccessorImpl.invoke(Unknown Source)
	at java.lang.reflect.Method.invoke(Unknown Source)
	at org.testng.internal.MethodInvocationHelper.invokeMethod(MethodInvocationHelper.java:108)
	at org.testng.internal.Invoker.invokeMethod(Invoker.java:661)
	at org.testng.internal.Invoker.invokeTestMethod(Invoker.java:869)
	at org.testng.internal.Invoker.invokeTestMethods(Invoker.java:1193)
	at org.testng.internal.TestMethodWorker.invokeTestMethods(TestMethodWorker.java:126)
	at org.testng.internal.TestMethodWorker.run(TestMethodWorker.java:109)
	at org.testng.TestRunner.privateRun(TestRunner.java:744)
	at org.testng.TestRunner.run(TestRunner.java:602)
	at org.testng.SuiteRunner.runTest(SuiteRunner.java:380)
	at org.testng.SuiteRunner.runSequentially(SuiteRunner.java:375)
	at org.testng.SuiteRunner.privateRun(SuiteRunner.java:340)
	at org.testng.SuiteRunner.run(SuiteRunner.java:289)
	at org.testng.SuiteRunnerWorker.runSuite(SuiteRunnerWorker.java:52)
	at org.testng.SuiteRunnerWorker.run(SuiteRunnerWorker.java:86)
	at org.testng.TestNG.runSuitesSequentially(TestNG.java:1301)
	at org.testng.TestNG.runSuitesLocally(TestNG.java:1226)
	at org.testng.TestNG.runSuites(TestNG.java:1144)
	at org.testng.TestNG.run(TestNG.java:1115)
	at org.testng.remote.AbstractRemoteTestNG.run(AbstractRemoteTestNG.java:132)
	at org.testng.remote.RemoteTestNG.initAndRun(RemoteTestNG.java:230)
	at org.testng.remote.RemoteTestNG.main(RemoteTestNG.java:76)
Caused by: cucumber.runtime.CucumberException: There are undefined steps
	at cucumber.api.testng.FeatureResultListener.collectError(FeatureResultListener.java:60)
	at cucumber.api.testng.FeatureResultListener.result(FeatureResultListener.java:45)
	at cucumber.runtime.Runtime.runStep(Runtime.java:282)
	at cucumber.runtime.model.StepContainer.runStep(StepContainer.java:44)
	at cucumber.runtime.model.StepContainer.runSteps(StepContainer.java:39)
	at cucumber.runtime.model.CucumberScenario.run(CucumberScenario.java:44)
	at cucumber.runtime.model.CucumberScenarioOutline.run(CucumberScenarioOutline.java:46)
	at cucumber.runtime.model.CucumberFeature.run(CucumberFeature.java:165)
	at cucumber.api.testng.TestNGCucumberRunner.runCucumber(TestNGCucumberRunner.java:63)
	... 26 more
]]>
            </full-stacktrace>
          </exception> <!-- cucumber.runtime.CucumberException -->
          <reporter-output>
          </reporter-output>
        </test-method> <!-- feature -->
        <test-method status="PASS" signature="tearDownClass()[pri:0, instance:testrunners.DeleteVerticalTestCase@5649fd9b]" name="tearDownClass" is-config="true" duration-ms="34" started-at="2023-02-07T19:11:28Z" finished-at="2023-02-07T19:11:28Z">
          <reporter-output>
          </reporter-output>
        </test-method> <!-- tearDownClass -->
      </class> <!-- testrunners.DeleteVerticalTestCase -->
    </test> <!-- Delete existing Vertical Test Case -->
    <test name="Create new Function Test Case" duration-ms="41151" started-at="2023-02-07T13:41:28Z" finished-at="2023-02-07T13:42:09Z">
      <class name="testrunners.AddNewFunctionTestCase">
        <test-method status="PASS" signature="setUpClass()[pri:0, instance:testrunners.AddNewFunctionTestCase@64bf3bbf]" name="setUpClass" is-config="true" duration-ms="8" started-at="2023-02-07T19:11:28Z" finished-at="2023-02-07T19:11:28Z">
          <reporter-output>
          </reporter-output>
        </test-method> <!-- setUpClass -->
        <test-method status="PASS" signature="feature(cucumber.api.testng.CucumberFeatureWrapper)[pri:0, instance:testrunners.AddNewFunctionTestCase@64bf3bbf]" name="feature" duration-ms="41102" started-at="2023-02-07T19:11:28Z" description="Runs Cucumber Feature" data-provider="features" finished-at="2023-02-07T19:12:09Z">
          <params>
            <param index="0">
              <value>
                <![CDATA[Add new Function Test Case]]>
              </value>
            </param>
          </params>
          <reporter-output>
          </reporter-output>
        </test-method> <!-- feature -->
        <test-method status="PASS" signature="tearDownClass()[pri:0, instance:testrunners.AddNewFunctionTestCase@64bf3bbf]" name="tearDownClass" is-config="true" duration-ms="37" started-at="2023-02-07T19:12:09Z" finished-at="2023-02-07T19:12:09Z">
          <reporter-output>
          </reporter-output>
        </test-method> <!-- tearDownClass -->
      </class> <!-- testrunners.AddNewFunctionTestCase -->
    </test> <!-- Create new Function Test Case -->
    <test name="Edit existing Function Test Case" duration-ms="57774" started-at="2023-02-07T13:42:09Z" finished-at="2023-02-07T13:43:07Z">
      <class name="testrunners.EditFunctionTestCase">
        <test-method status="PASS" signature="setUpClass()[pri:0, instance:testrunners.EditFunctionTestCase@1e127982]" name="setUpClass" is-config="true" duration-ms="9" started-at="2023-02-07T19:12:09Z" finished-at="2023-02-07T19:12:09Z">
          <reporter-output>
          </reporter-output>
        </test-method> <!-- setUpClass -->
        <test-method status="PASS" signature="feature(cucumber.api.testng.CucumberFeatureWrapper)[pri:0, instance:testrunners.EditFunctionTestCase@1e127982]" name="feature" duration-ms="57721" started-at="2023-02-07T19:12:09Z" description="Runs Cucumber Feature" data-provider="features" finished-at="2023-02-07T19:13:07Z">
          <params>
            <param index="0">
              <value>
                <![CDATA[Edit existing Function Test Case]]>
              </value>
            </param>
          </params>
          <reporter-output>
          </reporter-output>
        </test-method> <!-- feature -->
        <test-method status="PASS" signature="tearDownClass()[pri:0, instance:testrunners.EditFunctionTestCase@1e127982]" name="tearDownClass" is-config="true" duration-ms="41" started-at="2023-02-07T19:13:07Z" finished-at="2023-02-07T19:13:07Z">
          <reporter-output>
          </reporter-output>
        </test-method> <!-- tearDownClass -->
      </class> <!-- testrunners.EditFunctionTestCase -->
    </test> <!-- Edit existing Function Test Case -->
    <test name="Delete existing Function Test Case" duration-ms="42466" started-at="2023-02-07T13:43:07Z" finished-at="2023-02-07T13:43:50Z">
      <class name="testrunners.DeleteFunctionTestCase">
        <test-method status="PASS" signature="setUpClass()[pri:0, instance:testrunners.DeleteFunctionTestCase@21213b92]" name="setUpClass" is-config="true" duration-ms="9" started-at="2023-02-07T19:13:07Z" finished-at="2023-02-07T19:13:07Z">
          <reporter-output>
          </reporter-output>
        </test-method> <!-- setUpClass -->
        <test-method status="PASS" signature="feature(cucumber.api.testng.CucumberFeatureWrapper)[pri:0, instance:testrunners.DeleteFunctionTestCase@21213b92]" name="feature" duration-ms="42403" started-at="2023-02-07T19:13:07Z" description="Runs Cucumber Feature" data-provider="features" finished-at="2023-02-07T19:13:49Z">
          <params>
            <param index="0">
              <value>
                <![CDATA[Delete existing Function Test Case]]>
              </value>
            </param>
          </params>
          <reporter-output>
          </reporter-output>
        </test-method> <!-- feature -->
        <test-method status="PASS" signature="tearDownClass()[pri:0, instance:testrunners.DeleteFunctionTestCase@21213b92]" name="tearDownClass" is-config="true" duration-ms="50" started-at="2023-02-07T19:13:50Z" finished-at="2023-02-07T19:13:50Z">
          <reporter-output>
          </reporter-output>
        </test-method> <!-- tearDownClass -->
      </class> <!-- testrunners.DeleteFunctionTestCase -->
    </test> <!-- Delete existing Function Test Case -->
    <test name="Add Function to vertical Test Case" duration-ms="52920" started-at="2023-02-07T13:43:50Z" finished-at="2023-02-07T13:44:42Z">
      <class name="testrunners.LinkFunctionToVertical">
        <test-method status="PASS" signature="setUpClass()[pri:0, instance:testrunners.LinkFunctionToVertical@5ec0a365]" name="setUpClass" is-config="true" duration-ms="6" started-at="2023-02-07T19:13:50Z" finished-at="2023-02-07T19:13:50Z">
          <reporter-output>
          </reporter-output>
        </test-method> <!-- setUpClass -->
        <test-method status="PASS" signature="feature(cucumber.api.testng.CucumberFeatureWrapper)[pri:0, instance:testrunners.LinkFunctionToVertical@5ec0a365]" name="feature" duration-ms="52865" started-at="2023-02-07T19:13:50Z" description="Runs Cucumber Feature" data-provider="features" finished-at="2023-02-07T19:14:42Z">
          <params>
            <param index="0">
              <value>
                <![CDATA[Add Function to Vertical Test Case]]>
              </value>
            </param>
          </params>
          <reporter-output>
          </reporter-output>
        </test-method> <!-- feature -->
        <test-method status="PASS" signature="tearDownClass()[pri:0, instance:testrunners.LinkFunctionToVertical@5ec0a365]" name="tearDownClass" is-config="true" duration-ms="43" started-at="2023-02-07T19:14:42Z" finished-at="2023-02-07T19:14:42Z">
          <reporter-output>
          </reporter-output>
        </test-method> <!-- tearDownClass -->
      </class> <!-- testrunners.LinkFunctionToVertical -->
    </test> <!-- Add Function to vertical Test Case -->
    <test name="Create new Node Type Test Case" duration-ms="40023" started-at="2023-02-07T13:44:42Z" finished-at="2023-02-07T13:45:23Z">
      <class name="testrunners.AddNewNodeTypeTestCase">
        <test-method status="PASS" signature="setUpClass()[pri:0, instance:testrunners.AddNewNodeTypeTestCase@3632be31]" name="setUpClass" is-config="true" duration-ms="10" started-at="2023-02-07T19:14:42Z" finished-at="2023-02-07T19:14:42Z">
          <reporter-output>
          </reporter-output>
        </test-method> <!-- setUpClass -->
        <test-method status="PASS" signature="feature(cucumber.api.testng.CucumberFeatureWrapper)[pri:0, instance:testrunners.AddNewNodeTypeTestCase@3632be31]" name="feature" duration-ms="39972" started-at="2023-02-07T19:14:42Z" description="Runs Cucumber Feature" data-provider="features" finished-at="2023-02-07T19:15:22Z">
          <params>
            <param index="0">
              <value>
                <![CDATA[Add new Node Type Test Case]]>
              </value>
            </param>
          </params>
          <reporter-output>
          </reporter-output>
        </test-method> <!-- feature -->
        <test-method status="PASS" signature="tearDownClass()[pri:0, instance:testrunners.AddNewNodeTypeTestCase@3632be31]" name="tearDownClass" is-config="true" duration-ms="38" started-at="2023-02-07T19:15:22Z" finished-at="2023-02-07T19:15:23Z">
          <reporter-output>
          </reporter-output>
        </test-method> <!-- tearDownClass -->
      </class> <!-- testrunners.AddNewNodeTypeTestCase -->
    </test> <!-- Create new Node Type Test Case -->
    <test name="Edit existing Node Type Test Case" duration-ms="58158" started-at="2023-02-07T13:45:23Z" finished-at="2023-02-07T13:46:21Z">
      <class name="testrunners.EditNodeTypeTestcase">
        <test-method status="PASS" signature="setUpClass()[pri:0, instance:testrunners.EditNodeTypeTestcase@370736d9]" name="setUpClass" is-config="true" duration-ms="11" started-at="2023-02-07T19:15:23Z" finished-at="2023-02-07T19:15:23Z">
          <reporter-output>
          </reporter-output>
        </test-method> <!-- setUpClass -->
        <test-method status="PASS" signature="feature(cucumber.api.testng.CucumberFeatureWrapper)[pri:0, instance:testrunners.EditNodeTypeTestcase@370736d9]" name="feature" duration-ms="58115" started-at="2023-02-07T19:15:23Z" description="Runs Cucumber Feature" data-provider="features" finished-at="2023-02-07T19:16:21Z">
          <params>
            <param index="0">
              <value>
                <![CDATA[Edit existing Node Type Test Case]]>
              </value>
            </param>
          </params>
          <reporter-output>
          </reporter-output>
        </test-method> <!-- feature -->
        <test-method status="PASS" signature="tearDownClass()[pri:0, instance:testrunners.EditNodeTypeTestcase@370736d9]" name="tearDownClass" is-config="true" duration-ms="32" started-at="2023-02-07T19:16:21Z" finished-at="2023-02-07T19:16:21Z">
          <reporter-output>
          </reporter-output>
        </test-method> <!-- tearDownClass -->
      </class> <!-- testrunners.EditNodeTypeTestcase -->
    </test> <!-- Edit existing Node Type Test Case -->
    <test name="Delete existing Node Type Test Case" duration-ms="43698" started-at="2023-02-07T13:46:21Z" finished-at="2023-02-07T13:47:04Z">
      <class name="testrunners.DeleteNodeTypeTestCase">
        <test-method status="PASS" signature="setUpClass()[pri:0, instance:testrunners.DeleteNodeTypeTestCase@6c3708b3]" name="setUpClass" is-config="true" duration-ms="10" started-at="2023-02-07T19:16:21Z" finished-at="2023-02-07T19:16:21Z">
          <reporter-output>
          </reporter-output>
        </test-method> <!-- setUpClass -->
        <test-method status="PASS" signature="feature(cucumber.api.testng.CucumberFeatureWrapper)[pri:0, instance:testrunners.DeleteNodeTypeTestCase@6c3708b3]" name="feature" duration-ms="43652" started-at="2023-02-07T19:16:21Z" description="Runs Cucumber Feature" data-provider="features" finished-at="2023-02-07T19:17:04Z">
          <params>
            <param index="0">
              <value>
                <![CDATA[Delete existing Node Type Test Case]]>
              </value>
            </param>
          </params>
          <reporter-output>
          </reporter-output>
        </test-method> <!-- feature -->
        <test-method status="PASS" signature="tearDownClass()[pri:0, instance:testrunners.DeleteNodeTypeTestCase@6c3708b3]" name="tearDownClass" is-config="true" duration-ms="34" started-at="2023-02-07T19:17:04Z" finished-at="2023-02-07T19:17:04Z">
          <reporter-output>
          </reporter-output>
        </test-method> <!-- tearDownClass -->
      </class> <!-- testrunners.DeleteNodeTypeTestCase -->
    </test> <!-- Delete existing Node Type Test Case -->
    <test name="Creat New Attribute Test Case" duration-ms="54532" started-at="2023-02-07T13:47:04Z" finished-at="2023-02-07T13:47:59Z">
      <class name="testrunners.AddNewAttributeTestCase">
        <test-method status="PASS" signature="setUpClass()[pri:0, instance:testrunners.AddNewAttributeTestCase@6ddf90b0]" name="setUpClass" is-config="true" duration-ms="11" started-at="2023-02-07T19:17:04Z" finished-at="2023-02-07T19:17:04Z">
          <reporter-output>
          </reporter-output>
        </test-method> <!-- setUpClass -->
        <test-method status="PASS" signature="feature(cucumber.api.testng.CucumberFeatureWrapper)[pri:0, instance:testrunners.AddNewAttributeTestCase@6ddf90b0]" name="feature" duration-ms="54443" started-at="2023-02-07T19:17:04Z" description="Runs Cucumber Feature" data-provider="features" finished-at="2023-02-07T19:17:59Z">
          <params>
            <param index="0">
              <value>
                <![CDATA[Add New Attribute Test Case]]>
              </value>
            </param>
          </params>
          <reporter-output>
          </reporter-output>
        </test-method> <!-- feature -->
        <test-method status="PASS" signature="tearDownClass()[pri:0, instance:testrunners.AddNewAttributeTestCase@6ddf90b0]" name="tearDownClass" is-config="true" duration-ms="76" started-at="2023-02-07T19:17:59Z" finished-at="2023-02-07T19:17:59Z">
          <reporter-output>
          </reporter-output>
        </test-method> <!-- tearDownClass -->
      </class> <!-- testrunners.AddNewAttributeTestCase -->
    </test> <!-- Creat New Attribute Test Case -->
    <test name="Edit existing Attribute Test Case" duration-ms="70629" started-at="2023-02-07T13:47:59Z" finished-at="2023-02-07T13:49:10Z">
      <class name="testrunners.EditAttributeTestCase">
        <test-method status="PASS" signature="setUpClass()[pri:0, instance:testrunners.EditAttributeTestCase@7d907bac]" name="setUpClass" is-config="true" duration-ms="5" started-at="2023-02-07T19:17:59Z" finished-at="2023-02-07T19:17:59Z">
          <reporter-output>
          </reporter-output>
        </test-method> <!-- setUpClass -->
        <test-method status="PASS" signature="feature(cucumber.api.testng.CucumberFeatureWrapper)[pri:0, instance:testrunners.EditAttributeTestCase@7d907bac]" name="feature" duration-ms="70578" started-at="2023-02-07T19:17:59Z" description="Runs Cucumber Feature" data-provider="features" finished-at="2023-02-07T19:19:09Z">
          <params>
            <param index="0">
              <value>
                <![CDATA[Edit Existing Attribute Test Case]]>
              </value>
            </param>
          </params>
          <reporter-output>
          </reporter-output>
        </test-method> <!-- feature -->
        <test-method status="PASS" signature="tearDownClass()[pri:0, instance:testrunners.EditAttributeTestCase@7d907bac]" name="tearDownClass" is-config="true" duration-ms="44" started-at="2023-02-07T19:19:09Z" finished-at="2023-02-07T19:19:10Z">
          <reporter-output>
          </reporter-output>
        </test-method> <!-- tearDownClass -->
      </class> <!-- testrunners.EditAttributeTestCase -->
    </test> <!-- Edit existing Attribute Test Case -->
    <test name="Delete existing Attribute Test Case" duration-ms="44934" started-at="2023-02-07T13:49:10Z" finished-at="2023-02-07T13:49:54Z">
      <class name="testrunners.DeleteAttributeTestCase">
        <test-method status="PASS" signature="setUpClass()[pri:0, instance:testrunners.DeleteAttributeTestCase@4f970963]" name="setUpClass" is-config="true" duration-ms="13" started-at="2023-02-07T19:19:10Z" finished-at="2023-02-07T19:19:10Z">
          <reporter-output>
          </reporter-output>
        </test-method> <!-- setUpClass -->
        <test-method status="PASS" signature="feature(cucumber.api.testng.CucumberFeatureWrapper)[pri:0, instance:testrunners.DeleteAttributeTestCase@4f970963]" name="feature" duration-ms="44875" started-at="2023-02-07T19:19:10Z" description="Runs Cucumber Feature" data-provider="features" finished-at="2023-02-07T19:19:54Z">
          <params>
            <param index="0">
              <value>
                <![CDATA[Delete existing Attribute Test Case]]>
              </value>
            </param>
          </params>
          <reporter-output>
          </reporter-output>
        </test-method> <!-- feature -->
        <test-method status="PASS" signature="tearDownClass()[pri:0, instance:testrunners.DeleteAttributeTestCase@4f970963]" name="tearDownClass" is-config="true" duration-ms="41" started-at="2023-02-07T19:19:54Z" finished-at="2023-02-07T19:19:54Z">
          <reporter-output>
          </reporter-output>
        </test-method> <!-- tearDownClass -->
      </class> <!-- testrunners.DeleteAttributeTestCase -->
    </test> <!-- Delete existing Attribute Test Case -->
    <test name="Creat New Attribute Group Test Case" duration-ms="66102" started-at="2023-02-07T13:49:54Z" finished-at="2023-02-07T13:51:01Z">
      <class name="testrunners.AddNewAttributeGroupTestCase">
        <test-method status="PASS" signature="setUpClass()[pri:0, instance:testrunners.AddNewAttributeGroupTestCase@47ef968d]" name="setUpClass" is-config="true" duration-ms="4" started-at="2023-02-07T19:19:54Z" finished-at="2023-02-07T19:19:54Z">
          <reporter-output>
          </reporter-output>
        </test-method> <!-- setUpClass -->
        <test-method status="FAIL" signature="feature(cucumber.api.testng.CucumberFeatureWrapper)[pri:0, instance:testrunners.AddNewAttributeGroupTestCase@47ef968d]" name="feature" duration-ms="66043" started-at="2023-02-07T19:19:54Z" description="Runs Cucumber Feature" data-provider="features" finished-at="2023-02-07T19:21:01Z">
          <params>
            <param index="0">
              <value>
                <![CDATA[Add New Attribute Group Test Case]]>
              </value>
            </param>
          </params>
          <exception class="cucumber.runtime.CucumberException">
            <message>
              <![CDATA[org.openqa.selenium.ElementNotInteractableException: element not interactable
  (Session info: chrome=109.0.5414.120)
Build info: version: '3.141.59', revision: 'e82be7d358', time: '2018-11-14T08:17:03'
System info: host: 'DESKTOP-UHORISU', ip: '192.168.29.146', os.name: 'Windows 10', os.arch: 'amd64', os.version: '10.0', java.version: '1.8.0_121'
Driver info: org.openqa.selenium.chrome.ChromeDriver
Capabilities {acceptInsecureCerts: false, browserName: chrome, browserVersion: 109.0.5414.120, chrome: {chromedriverVersion: 109.0.5414.74 (e7c5703604da..., userDataDir: C:\Users\RAJASE~1\AppData\L...}, goog:chromeOptions: {debuggerAddress: localhost:52779}, javascriptEnabled: true, networkConnectionEnabled: false, pageLoadStrategy: normal, platform: WINDOWS, platformName: WINDOWS, proxy: Proxy(), setWindowRect: true, strictFileInteractability: false, timeouts: {implicit: 0, pageLoad: 300000, script: 30000}, unhandledPromptBehavior: dismiss and notify, webauthn:extension:credBlob: true, webauthn:extension:largeBlob: true, webauthn:virtualAuthenticators: true}
Session ID: 479f637a4cb9ec6baaa18daa902b9379]]>
            </message>
            <full-stacktrace>
              <![CDATA[cucumber.runtime.CucumberException: org.openqa.selenium.ElementNotInteractableException: element not interactable
  (Session info: chrome=109.0.5414.120)
Build info: version: '3.141.59', revision: 'e82be7d358', time: '2018-11-14T08:17:03'
System info: host: 'DESKTOP-UHORISU', ip: '192.168.29.146', os.name: 'Windows 10', os.arch: 'amd64', os.version: '10.0', java.version: '1.8.0_121'
Driver info: org.openqa.selenium.chrome.ChromeDriver
Capabilities {acceptInsecureCerts: false, browserName: chrome, browserVersion: 109.0.5414.120, chrome: {chromedriverVersion: 109.0.5414.74 (e7c5703604da..., userDataDir: C:\Users\RAJASE~1\AppData\L...}, goog:chromeOptions: {debuggerAddress: localhost:52779}, javascriptEnabled: true, networkConnectionEnabled: false, pageLoadStrategy: normal, platform: WINDOWS, platformName: WINDOWS, proxy: Proxy(), setWindowRect: true, strictFileInteractability: false, timeouts: {implicit: 0, pageLoad: 300000, script: 30000}, unhandledPromptBehavior: dismiss and notify, webauthn:extension:credBlob: true, webauthn:extension:largeBlob: true, webauthn:virtualAuthenticators: true}
Session ID: 479f637a4cb9ec6baaa18daa902b9379
	at cucumber.api.testng.TestNGCucumberRunner.runCucumber(TestNGCucumberRunner.java:69)
	at cucumber.api.testng.AbstractTestNGCucumberTests.feature(AbstractTestNGCucumberTests.java:21)
	at sun.reflect.NativeMethodAccessorImpl.invoke0(Native Method)
	at sun.reflect.NativeMethodAccessorImpl.invoke(Unknown Source)
	at sun.reflect.DelegatingMethodAccessorImpl.invoke(Unknown Source)
	at java.lang.reflect.Method.invoke(Unknown Source)
	at org.testng.internal.MethodInvocationHelper.invokeMethod(MethodInvocationHelper.java:108)
	at org.testng.internal.Invoker.invokeMethod(Invoker.java:661)
	at org.testng.internal.Invoker.invokeTestMethod(Invoker.java:869)
	at org.testng.internal.Invoker.invokeTestMethods(Invoker.java:1193)
	at org.testng.internal.TestMethodWorker.invokeTestMethods(TestMethodWorker.java:126)
	at org.testng.internal.TestMethodWorker.run(TestMethodWorker.java:109)
	at org.testng.TestRunner.privateRun(TestRunner.java:744)
	at org.testng.TestRunner.run(TestRunner.java:602)
	at org.testng.SuiteRunner.runTest(SuiteRunner.java:380)
	at org.testng.SuiteRunner.runSequentially(SuiteRunner.java:375)
	at org.testng.SuiteRunner.privateRun(SuiteRunner.java:340)
	at org.testng.SuiteRunner.run(SuiteRunner.java:289)
	at org.testng.SuiteRunnerWorker.runSuite(SuiteRunnerWorker.java:52)
	at org.testng.SuiteRunnerWorker.run(SuiteRunnerWorker.java:86)
	at org.testng.TestNG.runSuitesSequentially(TestNG.java:1301)
	at org.testng.TestNG.runSuitesLocally(TestNG.java:1226)
	at org.testng.TestNG.runSuites(TestNG.java:1144)
	at org.testng.TestNG.run(TestNG.java:1115)
	at org.testng.remote.AbstractRemoteTestNG.run(AbstractRemoteTestNG.java:132)
	at org.testng.remote.RemoteTestNG.initAndRun(RemoteTestNG.java:230)
	at org.testng.remote.RemoteTestNG.main(RemoteTestNG.java:76)
Caused by: org.openqa.selenium.ElementNotInteractableException: element not interactable
  (Session info: chrome=109.0.5414.120)
Build info: version: '3.141.59', revision: 'e82be7d358', time: '2018-11-14T08:17:03'
System info: host: 'DESKTOP-UHORISU', ip: '192.168.29.146', os.name: 'Windows 10', os.arch: 'amd64', os.version: '10.0', java.version: '1.8.0_121'
Driver info: org.openqa.selenium.chrome.ChromeDriver
Capabilities {acceptInsecureCerts: false, browserName: chrome, browserVersion: 109.0.5414.120, chrome: {chromedriverVersion: 109.0.5414.74 (e7c5703604da..., userDataDir: C:\Users\RAJASE~1\AppData\L...}, goog:chromeOptions: {debuggerAddress: localhost:52779}, javascriptEnabled: true, networkConnectionEnabled: false, pageLoadStrategy: normal, platform: WINDOWS, platformName: WINDOWS, proxy: Proxy(), setWindowRect: true, strictFileInteractability: false, timeouts: {implicit: 0, pageLoad: 300000, script: 30000}, unhandledPromptBehavior: dismiss and notify, webauthn:extension:credBlob: true, webauthn:extension:largeBlob: true, webauthn:virtualAuthenticators: true}
Session ID: 479f637a4cb9ec6baaa18daa902b9379
	at sun.reflect.NativeConstructorAccessorImpl.newInstance0(Native Method)
	at sun.reflect.NativeConstructorAccessorImpl.newInstance(Unknown Source)
	at sun.reflect.DelegatingConstructorAccessorImpl.newInstance(Unknown Source)
	at java.lang.reflect.Constructor.newInstance(Unknown Source)
	at org.openqa.selenium.remote.http.W3CHttpResponseCodec.createException(W3CHttpResponseCodec.java:187)
	at org.openqa.selenium.remote.http.W3CHttpResponseCodec.decode(W3CHttpResponseCodec.java:122)
	at org.openqa.selenium.remote.http.W3CHttpResponseCodec.decode(W3CHttpResponseCodec.java:49)
	at org.openqa.selenium.remote.HttpCommandExecutor.execute(HttpCommandExecutor.java:158)
	at org.openqa.selenium.remote.service.DriverCommandExecutor.execute(DriverCommandExecutor.java:83)
	at org.openqa.selenium.remote.RemoteWebDriver.execute(RemoteWebDriver.java:552)
	at org.openqa.selenium.remote.RemoteWebElement.execute(RemoteWebElement.java:285)
	at org.openqa.selenium.remote.RemoteWebElement.sendKeys(RemoteWebElement.java:106)
	at sun.reflect.GeneratedMethodAccessor26.invoke(Unknown Source)
	at sun.reflect.DelegatingMethodAccessorImpl.invoke(Unknown Source)
	at java.lang.reflect.Method.invoke(Unknown Source)
	at org.openqa.selenium.support.pagefactory.internal.LocatingElementHandler.invoke(LocatingElementHandler.java:51)
	at com.sun.proxy.$Proxy18.sendKeys(Unknown Source)
	at com.qa.pages.AttributesPage.search_attribute_group_name(AttributesPage.java:271)
	at com.qa.stepDefinitions.PreCofigLibrary.user_search_for_attribute_group_name(PreCofigLibrary.java:569)
	at ✽.And user search for attribute group name "Create new Attribute group test"(C:/Selenium/PreConfig/src/main/java/com/qa/features/addattributegroup.feature:19)
]]>
            </full-stacktrace>
          </exception> <!-- cucumber.runtime.CucumberException -->
          <reporter-output>
          </reporter-output>
        </test-method> <!-- feature -->
        <test-method status="PASS" signature="tearDownClass()[pri:0, instance:testrunners.AddNewAttributeGroupTestCase@47ef968d]" name="tearDownClass" is-config="true" duration-ms="45" started-at="2023-02-07T19:21:01Z" finished-at="2023-02-07T19:21:01Z">
          <reporter-output>
          </reporter-output>
        </test-method> <!-- tearDownClass -->
      </class> <!-- testrunners.AddNewAttributeGroupTestCase -->
    </test> <!-- Creat New Attribute Group Test Case -->
    <test name="Edit existing Attribute Group Test Case" duration-ms="46747" started-at="2023-02-07T13:51:01Z" finished-at="2023-02-07T13:51:47Z">
      <class name="testrunners.EditAttributeGroupTestCase">
        <test-method status="PASS" signature="setUpClass()[pri:0, instance:testrunners.EditAttributeGroupTestCase@2b552920]" name="setUpClass" is-config="true" duration-ms="8" started-at="2023-02-07T19:21:01Z" finished-at="2023-02-07T19:21:01Z">
          <reporter-output>
          </reporter-output>
        </test-method> <!-- setUpClass -->
        <test-method status="FAIL" signature="feature(cucumber.api.testng.CucumberFeatureWrapper)[pri:0, instance:testrunners.EditAttributeGroupTestCase@2b552920]" name="feature" duration-ms="46691" started-at="2023-02-07T19:21:01Z" description="Runs Cucumber Feature" data-provider="features" finished-at="2023-02-07T19:21:47Z">
          <params>
            <param index="0">
              <value>
                <![CDATA[Edit Existing Attribute Group Test Case]]>
              </value>
            </param>
          </params>
          <exception class="cucumber.runtime.CucumberException">
            <message>
              <![CDATA[org.openqa.selenium.ElementNotInteractableException: element not interactable
  (Session info: chrome=109.0.5414.120)
Build info: version: '3.141.59', revision: 'e82be7d358', time: '2018-11-14T08:17:03'
System info: host: 'DESKTOP-UHORISU', ip: '192.168.29.146', os.name: 'Windows 10', os.arch: 'amd64', os.version: '10.0', java.version: '1.8.0_121'
Driver info: org.openqa.selenium.chrome.ChromeDriver
Capabilities {acceptInsecureCerts: false, browserName: chrome, browserVersion: 109.0.5414.120, chrome: {chromedriverVersion: 109.0.5414.74 (e7c5703604da..., userDataDir: C:\Users\RAJASE~1\AppData\L...}, goog:chromeOptions: {debuggerAddress: localhost:52828}, javascriptEnabled: true, networkConnectionEnabled: false, pageLoadStrategy: normal, platform: WINDOWS, platformName: WINDOWS, proxy: Proxy(), setWindowRect: true, strictFileInteractability: false, timeouts: {implicit: 0, pageLoad: 300000, script: 30000}, unhandledPromptBehavior: dismiss and notify, webauthn:extension:credBlob: true, webauthn:extension:largeBlob: true, webauthn:virtualAuthenticators: true}
Session ID: 0148d3613509003966579fe5b5ca99a9]]>
            </message>
            <full-stacktrace>
              <![CDATA[cucumber.runtime.CucumberException: org.openqa.selenium.ElementNotInteractableException: element not interactable
  (Session info: chrome=109.0.5414.120)
Build info: version: '3.141.59', revision: 'e82be7d358', time: '2018-11-14T08:17:03'
System info: host: 'DESKTOP-UHORISU', ip: '192.168.29.146', os.name: 'Windows 10', os.arch: 'amd64', os.version: '10.0', java.version: '1.8.0_121'
Driver info: org.openqa.selenium.chrome.ChromeDriver
Capabilities {acceptInsecureCerts: false, browserName: chrome, browserVersion: 109.0.5414.120, chrome: {chromedriverVersion: 109.0.5414.74 (e7c5703604da..., userDataDir: C:\Users\RAJASE~1\AppData\L...}, goog:chromeOptions: {debuggerAddress: localhost:52828}, javascriptEnabled: true, networkConnectionEnabled: false, pageLoadStrategy: normal, platform: WINDOWS, platformName: WINDOWS, proxy: Proxy(), setWindowRect: true, strictFileInteractability: false, timeouts: {implicit: 0, pageLoad: 300000, script: 30000}, unhandledPromptBehavior: dismiss and notify, webauthn:extension:credBlob: true, webauthn:extension:largeBlob: true, webauthn:virtualAuthenticators: true}
Session ID: 0148d3613509003966579fe5b5ca99a9
	at cucumber.api.testng.TestNGCucumberRunner.runCucumber(TestNGCucumberRunner.java:69)
	at cucumber.api.testng.AbstractTestNGCucumberTests.feature(AbstractTestNGCucumberTests.java:21)
	at sun.reflect.NativeMethodAccessorImpl.invoke0(Native Method)
	at sun.reflect.NativeMethodAccessorImpl.invoke(Unknown Source)
	at sun.reflect.DelegatingMethodAccessorImpl.invoke(Unknown Source)
	at java.lang.reflect.Method.invoke(Unknown Source)
	at org.testng.internal.MethodInvocationHelper.invokeMethod(MethodInvocationHelper.java:108)
	at org.testng.internal.Invoker.invokeMethod(Invoker.java:661)
	at org.testng.internal.Invoker.invokeTestMethod(Invoker.java:869)
	at org.testng.internal.Invoker.invokeTestMethods(Invoker.java:1193)
	at org.testng.internal.TestMethodWorker.invokeTestMethods(TestMethodWorker.java:126)
	at org.testng.internal.TestMethodWorker.run(TestMethodWorker.java:109)
	at org.testng.TestRunner.privateRun(TestRunner.java:744)
	at org.testng.TestRunner.run(TestRunner.java:602)
	at org.testng.SuiteRunner.runTest(SuiteRunner.java:380)
	at org.testng.SuiteRunner.runSequentially(SuiteRunner.java:375)
	at org.testng.SuiteRunner.privateRun(SuiteRunner.java:340)
	at org.testng.SuiteRunner.run(SuiteRunner.java:289)
	at org.testng.SuiteRunnerWorker.runSuite(SuiteRunnerWorker.java:52)
	at org.testng.SuiteRunnerWorker.run(SuiteRunnerWorker.java:86)
	at org.testng.TestNG.runSuitesSequentially(TestNG.java:1301)
	at org.testng.TestNG.runSuitesLocally(TestNG.java:1226)
	at org.testng.TestNG.runSuites(TestNG.java:1144)
	at org.testng.TestNG.run(TestNG.java:1115)
	at org.testng.remote.AbstractRemoteTestNG.run(AbstractRemoteTestNG.java:132)
	at org.testng.remote.RemoteTestNG.initAndRun(RemoteTestNG.java:230)
	at org.testng.remote.RemoteTestNG.main(RemoteTestNG.java:76)
Caused by: org.openqa.selenium.ElementNotInteractableException: element not interactable
  (Session info: chrome=109.0.5414.120)
Build info: version: '3.141.59', revision: 'e82be7d358', time: '2018-11-14T08:17:03'
System info: host: 'DESKTOP-UHORISU', ip: '192.168.29.146', os.name: 'Windows 10', os.arch: 'amd64', os.version: '10.0', java.version: '1.8.0_121'
Driver info: org.openqa.selenium.chrome.ChromeDriver
Capabilities {acceptInsecureCerts: false, browserName: chrome, browserVersion: 109.0.5414.120, chrome: {chromedriverVersion: 109.0.5414.74 (e7c5703604da..., userDataDir: C:\Users\RAJASE~1\AppData\L...}, goog:chromeOptions: {debuggerAddress: localhost:52828}, javascriptEnabled: true, networkConnectionEnabled: false, pageLoadStrategy: normal, platform: WINDOWS, platformName: WINDOWS, proxy: Proxy(), setWindowRect: true, strictFileInteractability: false, timeouts: {implicit: 0, pageLoad: 300000, script: 30000}, unhandledPromptBehavior: dismiss and notify, webauthn:extension:credBlob: true, webauthn:extension:largeBlob: true, webauthn:virtualAuthenticators: true}
Session ID: 0148d3613509003966579fe5b5ca99a9
	at sun.reflect.NativeConstructorAccessorImpl.newInstance0(Native Method)
	at sun.reflect.NativeConstructorAccessorImpl.newInstance(Unknown Source)
	at sun.reflect.DelegatingConstructorAccessorImpl.newInstance(Unknown Source)
	at java.lang.reflect.Constructor.newInstance(Unknown Source)
	at org.openqa.selenium.remote.http.W3CHttpResponseCodec.createException(W3CHttpResponseCodec.java:187)
	at org.openqa.selenium.remote.http.W3CHttpResponseCodec.decode(W3CHttpResponseCodec.java:122)
	at org.openqa.selenium.remote.http.W3CHttpResponseCodec.decode(W3CHttpResponseCodec.java:49)
	at org.openqa.selenium.remote.HttpCommandExecutor.execute(HttpCommandExecutor.java:158)
	at org.openqa.selenium.remote.service.DriverCommandExecutor.execute(DriverCommandExecutor.java:83)
	at org.openqa.selenium.remote.RemoteWebDriver.execute(RemoteWebDriver.java:552)
	at org.openqa.selenium.remote.RemoteWebElement.execute(RemoteWebElement.java:285)
	at org.openqa.selenium.remote.RemoteWebElement.sendKeys(RemoteWebElement.java:106)
	at sun.reflect.GeneratedMethodAccessor26.invoke(Unknown Source)
	at sun.reflect.DelegatingMethodAccessorImpl.invoke(Unknown Source)
	at java.lang.reflect.Method.invoke(Unknown Source)
	at org.openqa.selenium.support.pagefactory.internal.LocatingElementHandler.invoke(LocatingElementHandler.java:51)
	at com.sun.proxy.$Proxy18.sendKeys(Unknown Source)
	at com.qa.pages.AttributesPage.search_attribute_group_name(AttributesPage.java:271)
	at com.qa.stepDefinitions.PreCofigLibrary.user_search_for_attribute_group_name(PreCofigLibrary.java:569)
	at ✽.And user search for attribute group name "Create new Attribute group test"(C:/Selenium/PreConfig/src/main/java/com/qa/features/editattributegroup.feature:12)
]]>
            </full-stacktrace>
          </exception> <!-- cucumber.runtime.CucumberException -->
          <reporter-output>
          </reporter-output>
        </test-method> <!-- feature -->
        <test-method status="PASS" signature="tearDownClass()[pri:0, instance:testrunners.EditAttributeGroupTestCase@2b552920]" name="tearDownClass" is-config="true" duration-ms="44" started-at="2023-02-07T19:21:47Z" finished-at="2023-02-07T19:21:47Z">
          <reporter-output>
          </reporter-output>
        </test-method> <!-- tearDownClass -->
      </class> <!-- testrunners.EditAttributeGroupTestCase -->
    </test> <!-- Edit existing Attribute Group Test Case -->
    <test name="Delete existing Attribute Group Test Case" duration-ms="46116" started-at="2023-02-07T13:51:47Z" finished-at="2023-02-07T13:52:33Z">
      <class name="testrunners.DeleteAttributeGroupTestCase">
        <test-method status="PASS" signature="setUpClass()[pri:0, instance:testrunners.DeleteAttributeGroupTestCase@6e6c3152]" name="setUpClass" is-config="true" duration-ms="6" started-at="2023-02-07T19:21:47Z" finished-at="2023-02-07T19:21:47Z">
          <reporter-output>
          </reporter-output>
        </test-method> <!-- setUpClass -->
        <test-method status="FAIL" signature="feature(cucumber.api.testng.CucumberFeatureWrapper)[pri:0, instance:testrunners.DeleteAttributeGroupTestCase@6e6c3152]" name="feature" duration-ms="46067" started-at="2023-02-07T19:21:47Z" description="Runs Cucumber Feature" data-provider="features" finished-at="2023-02-07T19:22:33Z">
          <params>
            <param index="0">
              <value>
                <![CDATA[Delete Existing Attribute Group Test Case]]>
              </value>
            </param>
          </params>
          <exception class="cucumber.runtime.CucumberException">
            <message>
              <![CDATA[org.openqa.selenium.ElementNotInteractableException: element not interactable
  (Session info: chrome=109.0.5414.120)
Build info: version: '3.141.59', revision: 'e82be7d358', time: '2018-11-14T08:17:03'
System info: host: 'DESKTOP-UHORISU', ip: '192.168.29.146', os.name: 'Windows 10', os.arch: 'amd64', os.version: '10.0', java.version: '1.8.0_121'
Driver info: org.openqa.selenium.chrome.ChromeDriver
Capabilities {acceptInsecureCerts: false, browserName: chrome, browserVersion: 109.0.5414.120, chrome: {chromedriverVersion: 109.0.5414.74 (e7c5703604da..., userDataDir: C:\Users\RAJASE~1\AppData\L...}, goog:chromeOptions: {debuggerAddress: localhost:52869}, javascriptEnabled: true, networkConnectionEnabled: false, pageLoadStrategy: normal, platform: WINDOWS, platformName: WINDOWS, proxy: Proxy(), setWindowRect: true, strictFileInteractability: false, timeouts: {implicit: 0, pageLoad: 300000, script: 30000}, unhandledPromptBehavior: dismiss and notify, webauthn:extension:credBlob: true, webauthn:extension:largeBlob: true, webauthn:virtualAuthenticators: true}
Session ID: 0e4cc43d67a0e2a4b964a508deb0ba1c]]>
            </message>
            <full-stacktrace>
              <![CDATA[cucumber.runtime.CucumberException: org.openqa.selenium.ElementNotInteractableException: element not interactable
  (Session info: chrome=109.0.5414.120)
Build info: version: '3.141.59', revision: 'e82be7d358', time: '2018-11-14T08:17:03'
System info: host: 'DESKTOP-UHORISU', ip: '192.168.29.146', os.name: 'Windows 10', os.arch: 'amd64', os.version: '10.0', java.version: '1.8.0_121'
Driver info: org.openqa.selenium.chrome.ChromeDriver
Capabilities {acceptInsecureCerts: false, browserName: chrome, browserVersion: 109.0.5414.120, chrome: {chromedriverVersion: 109.0.5414.74 (e7c5703604da..., userDataDir: C:\Users\RAJASE~1\AppData\L...}, goog:chromeOptions: {debuggerAddress: localhost:52869}, javascriptEnabled: true, networkConnectionEnabled: false, pageLoadStrategy: normal, platform: WINDOWS, platformName: WINDOWS, proxy: Proxy(), setWindowRect: true, strictFileInteractability: false, timeouts: {implicit: 0, pageLoad: 300000, script: 30000}, unhandledPromptBehavior: dismiss and notify, webauthn:extension:credBlob: true, webauthn:extension:largeBlob: true, webauthn:virtualAuthenticators: true}
Session ID: 0e4cc43d67a0e2a4b964a508deb0ba1c
	at cucumber.api.testng.TestNGCucumberRunner.runCucumber(TestNGCucumberRunner.java:69)
	at cucumber.api.testng.AbstractTestNGCucumberTests.feature(AbstractTestNGCucumberTests.java:21)
	at sun.reflect.GeneratedMethodAccessor77.invoke(Unknown Source)
	at sun.reflect.DelegatingMethodAccessorImpl.invoke(Unknown Source)
	at java.lang.reflect.Method.invoke(Unknown Source)
	at org.testng.internal.MethodInvocationHelper.invokeMethod(MethodInvocationHelper.java:108)
	at org.testng.internal.Invoker.invokeMethod(Invoker.java:661)
	at org.testng.internal.Invoker.invokeTestMethod(Invoker.java:869)
	at org.testng.internal.Invoker.invokeTestMethods(Invoker.java:1193)
	at org.testng.internal.TestMethodWorker.invokeTestMethods(TestMethodWorker.java:126)
	at org.testng.internal.TestMethodWorker.run(TestMethodWorker.java:109)
	at org.testng.TestRunner.privateRun(TestRunner.java:744)
	at org.testng.TestRunner.run(TestRunner.java:602)
	at org.testng.SuiteRunner.runTest(SuiteRunner.java:380)
	at org.testng.SuiteRunner.runSequentially(SuiteRunner.java:375)
	at org.testng.SuiteRunner.privateRun(SuiteRunner.java:340)
	at org.testng.SuiteRunner.run(SuiteRunner.java:289)
	at org.testng.SuiteRunnerWorker.runSuite(SuiteRunnerWorker.java:52)
	at org.testng.SuiteRunnerWorker.run(SuiteRunnerWorker.java:86)
	at org.testng.TestNG.runSuitesSequentially(TestNG.java:1301)
	at org.testng.TestNG.runSuitesLocally(TestNG.java:1226)
	at org.testng.TestNG.runSuites(TestNG.java:1144)
	at org.testng.TestNG.run(TestNG.java:1115)
	at org.testng.remote.AbstractRemoteTestNG.run(AbstractRemoteTestNG.java:132)
	at org.testng.remote.RemoteTestNG.initAndRun(RemoteTestNG.java:230)
	at org.testng.remote.RemoteTestNG.main(RemoteTestNG.java:76)
Caused by: org.openqa.selenium.ElementNotInteractableException: element not interactable
  (Session info: chrome=109.0.5414.120)
Build info: version: '3.141.59', revision: 'e82be7d358', time: '2018-11-14T08:17:03'
System info: host: 'DESKTOP-UHORISU', ip: '192.168.29.146', os.name: 'Windows 10', os.arch: 'amd64', os.version: '10.0', java.version: '1.8.0_121'
Driver info: org.openqa.selenium.chrome.ChromeDriver
Capabilities {acceptInsecureCerts: false, browserName: chrome, browserVersion: 109.0.5414.120, chrome: {chromedriverVersion: 109.0.5414.74 (e7c5703604da..., userDataDir: C:\Users\RAJASE~1\AppData\L...}, goog:chromeOptions: {debuggerAddress: localhost:52869}, javascriptEnabled: true, networkConnectionEnabled: false, pageLoadStrategy: normal, platform: WINDOWS, platformName: WINDOWS, proxy: Proxy(), setWindowRect: true, strictFileInteractability: false, timeouts: {implicit: 0, pageLoad: 300000, script: 30000}, unhandledPromptBehavior: dismiss and notify, webauthn:extension:credBlob: true, webauthn:extension:largeBlob: true, webauthn:virtualAuthenticators: true}
Session ID: 0e4cc43d67a0e2a4b964a508deb0ba1c
	at sun.reflect.NativeConstructorAccessorImpl.newInstance0(Native Method)
	at sun.reflect.NativeConstructorAccessorImpl.newInstance(Unknown Source)
	at sun.reflect.DelegatingConstructorAccessorImpl.newInstance(Unknown Source)
	at java.lang.reflect.Constructor.newInstance(Unknown Source)
	at org.openqa.selenium.remote.http.W3CHttpResponseCodec.createException(W3CHttpResponseCodec.java:187)
	at org.openqa.selenium.remote.http.W3CHttpResponseCodec.decode(W3CHttpResponseCodec.java:122)
	at org.openqa.selenium.remote.http.W3CHttpResponseCodec.decode(W3CHttpResponseCodec.java:49)
	at org.openqa.selenium.remote.HttpCommandExecutor.execute(HttpCommandExecutor.java:158)
	at org.openqa.selenium.remote.service.DriverCommandExecutor.execute(DriverCommandExecutor.java:83)
	at org.openqa.selenium.remote.RemoteWebDriver.execute(RemoteWebDriver.java:552)
	at org.openqa.selenium.remote.RemoteWebElement.execute(RemoteWebElement.java:285)
	at org.openqa.selenium.remote.RemoteWebElement.sendKeys(RemoteWebElement.java:106)
	at sun.reflect.GeneratedMethodAccessor26.invoke(Unknown Source)
	at sun.reflect.DelegatingMethodAccessorImpl.invoke(Unknown Source)
	at java.lang.reflect.Method.invoke(Unknown Source)
	at org.openqa.selenium.support.pagefactory.internal.LocatingElementHandler.invoke(LocatingElementHandler.java:51)
	at com.sun.proxy.$Proxy18.sendKeys(Unknown Source)
	at com.qa.pages.AttributesPage.search_attribute_group_name(AttributesPage.java:271)
	at com.qa.stepDefinitions.PreCofigLibrary.user_search_for_attribute_group_name(PreCofigLibrary.java:569)
	at ✽.And user search for attribute group name "Edit Attribute group test"(C:/Selenium/PreConfig/src/main/java/com/qa/features/deleteattributegroup.feature:12)
]]>
            </full-stacktrace>
          </exception> <!-- cucumber.runtime.CucumberException -->
          <reporter-output>
          </reporter-output>
        </test-method> <!-- feature -->
        <test-method status="PASS" signature="tearDownClass()[pri:0, instance:testrunners.DeleteAttributeGroupTestCase@6e6c3152]" name="tearDownClass" is-config="true" duration-ms="40" started-at="2023-02-07T19:22:33Z" finished-at="2023-02-07T19:22:33Z">
          <reporter-output>
          </reporter-output>
        </test-method> <!-- tearDownClass -->
      </class> <!-- testrunners.DeleteAttributeGroupTestCase -->
    </test> <!-- Delete existing Attribute Group Test Case -->
  </suite> <!-- Pre-Cofig Test Suite -->
</testng-results>
