<?xml version="1.0" encoding="UTF-8"?>
<!-- Generated by org.testng.reporters.JUnitXMLReporter -->
<testsuite hostname="DESKTOP-UHORISU" ignored="0" name="Edit existing Vertical Test Case" tests="1" failures="1" timestamp="09 Feb 2023 09:59:12 GMT" time="60.465" errors="0">
  <testcase name="feature" time="60.391" classname="cucumber.api.testng.AbstractTestNGCucumberTests">
    <failure type="cucumber.runtime.CucumberException" message="java.lang.AssertionError">
      <![CDATA[cucumber.runtime.CucumberException: java.lang.AssertionError
	at cucumber.api.testng.TestNGCucumberRunner.runCucumber(TestNGCucumberRunner.java:69)
	at cucumber.api.testng.AbstractTestNGCucumberTests.feature(AbstractTestNGCucumberTests.java:21)
Caused by: java.lang.AssertionError
	at org.junit.Assert.fail(Assert.java:87)
	at org.junit.Assert.assertTrue(Assert.java:42)
	at org.junit.Assert.assertTrue(Assert.java:53)
	at com.qa.stepDefinitions.PreCofigLibrary.user_should_see_modified_vertical(PreCofigLibrary.java:183)
	at âœ½.Then user should see modified vertical "Edit new Vertical test"(C:/Selenium/PreConfig/src/main/java/com/qa/features/editvertical.feature:23)
... Removed 25 stack frames]]>
    </failure>
  </testcase> <!-- feature -->
</testsuite> <!-- Edit existing Vertical Test Case -->
